[runner] Using RAIL582 set cover app with path: C:\Users\rich\OneDrive - Danmarks Tekniske Universitet\JR\Publikationer\MIP hybrid\rail582
[DEBUG] main_from_cli_namespace called with: gurobi_time_limit=None, gurobi_gap_limit=None, track_gurobi_anytime=False
[mode] RUN_MODE=auto | rail_path='C:\\Users\\rich\\OneDrive - Danmarks Tekniske Universitet\\JR\\Publikationer\\MIP hybrid\\rail582\\rail582' | threads=1 | mip_gap=0.01
RAIL582: coverage per row mean=690.2, density=0.0124
[rail] Loaded: n=582 rows, m=55515 cols, k=1
[DEBUG] solve_mip called with: timelimit=60.0, gurobi_time_limit=None, gurobi_gap_limit=None, track_anytime=False
[rail] MIP obj=211.000, gap=0.000, t=32.676s
[rail] HYB int=213.000 +polish (feas=OK), relax_lin=518.619, cov_min_frac=1.000, cov_min_int=1.000, T=34.07s (relax=0.012s, Sum_stages=33.81s) | objs: relax=427.046, round=513.000, polish=213.000, mip=211.000, gap%=0.95 | times(s): relax=0.01, round_main=0.00, round_rr=0.01, improve=0.00, polish=0.95, mip=32.84, lp=0.00, redcost=0.00)
RAIL582: coverage per row mean=690.2, density=0.0124
[rail] Loaded: n=582 rows, m=55515 cols, k=1
[DEBUG] solve_mip called with: timelimit=60.0, gurobi_time_limit=None, gurobi_gap_limit=None, track_anytime=False
[rail] MIP obj=211.000, gap=0.000, t=41.775s
[rail] HYB int=244.000 +polish (feas=OK), relax_lin=518.619, cov_min_frac=1.000, cov_min_int=1.000, T=43.28s (relax=0.029s, Sum_stages=42.98s) | objs: relax=427.046, round=515.000, polish=244.000, mip=211.000, gap%=15.64 | times(s): relax=0.03, round_main=0.00, round_rr=0.03, improve=0.01, polish=0.92, mip=41.99, lp=0.00, redcost=0.00)
RAIL582: coverage per row mean=690.2, density=0.0124
[rail] Loaded: n=582 rows, m=55515 cols, k=1
[DEBUG] solve_mip called with: timelimit=60.0, gurobi_time_limit=None, gurobi_gap_limit=None, track_anytime=False
[rail] MIP obj=211.000, gap=0.000, t=35.271s
[rail] HYB int=213.000 +polish (feas=OK), relax_lin=518.619, cov_min_frac=1.000, cov_min_int=1.000, T=36.93s (relax=0.025s, Sum_stages=36.51s) | objs: relax=427.046, round=503.000, polish=213.000, mip=211.000, gap%=0.95 | times(s): relax=0.02, round_main=0.00, round_rr=0.02, improve=0.01, polish=0.97, mip=35.49, lp=0.00, redcost=0.00)
RAIL582: coverage per row mean=690.2, density=0.0124
[rail] Loaded: n=582 rows, m=55515 cols, k=1
[DEBUG] solve_mip called with: timelimit=60.0, gurobi_time_limit=None, gurobi_gap_limit=None, track_anytime=False
[rail] MIP obj=211.000, gap=0.000, t=34.958s
[rail] HYB int=213.000 +polish (feas=OK), relax_lin=518.619, cov_min_frac=1.000, cov_min_int=1.000, T=36.55s (relax=0.022s, Sum_stages=36.26s) | objs: relax=427.046, round=501.000, polish=213.000, mip=211.000, gap%=0.95 | times(s): relax=0.02, round_main=0.00, round_rr=0.01, improve=0.00, polish=0.98, mip=35.24, lp=0.00, redcost=0.00)
RAIL582: coverage per row mean=690.2, density=0.0124
[rail] Loaded: n=582 rows, m=55515 cols, k=1
[DEBUG] solve_mip called with: timelimit=60.0, gurobi_time_limit=None, gurobi_gap_limit=None, track_anytime=False
[rail] MIP obj=211.000, gap=0.000, t=43.132s
[rail] HYB int=213.000 +polish (feas=OK), relax_lin=518.619, cov_min_frac=1.000, cov_min_int=1.000, T=86.74s (relax=0.013s, Sum_stages=86.36s) | objs: relax=427.046, round=363.000, polish=213.000, mip=211.000, gap%=0.95 | times(s): relax=0.01, round_main=41.93, round_rr=0.01, improve=0.01, polish=1.04, mip=43.35, lp=0.00, redcost=0.00)
RAIL582: coverage per row mean=690.2, density=0.0124
[rail] Loaded: n=582 rows, m=55515 cols, k=1
[DEBUG] solve_mip called with: timelimit=60.0, gurobi_time_limit=None, gurobi_gap_limit=None, track_anytime=False
[rail] MIP obj=211.000, gap=0.000, t=45.329s
[rail] HYB int=213.000 +polish (feas=OK), relax_lin=518.619, cov_min_frac=1.000, cov_min_int=1.000, T=46.88s (relax=0.012s, Sum_stages=46.58s) | objs: relax=427.046, round=524.000, polish=213.000, mip=211.000, gap%=0.95 | times(s): relax=0.01, round_main=0.00, round_rr=0.01, improve=0.00, polish=1.03, mip=45.52, lp=0.00, redcost=0.00)
RAIL582: coverage per row mean=690.2, density=0.0124
[rail] Loaded: n=582 rows, m=55515 cols, k=1
[DEBUG] solve_mip called with: timelimit=60.0, gurobi_time_limit=None, gurobi_gap_limit=None, track_anytime=False
[rail] MIP obj=211.000, gap=0.000, t=31.783s
[rail] HYB int=221.000 +polish (feas=OK), relax_lin=518.619, cov_min_frac=1.000, cov_min_int=1.000, T=33.25s (relax=0.012s, Sum_stages=32.90s) | objs: relax=427.046, round=498.000, polish=221.000, mip=211.000, gap%=4.74 | times(s): relax=0.01, round_main=0.00, round_rr=0.01, improve=0.00, polish=0.94, mip=31.93, lp=0.00, redcost=0.00)
RAIL582: coverage per row mean=690.2, density=0.0124
[rail] Loaded: n=582 rows, m=55515 cols, k=1
[DEBUG] solve_mip called with: timelimit=60.0, gurobi_time_limit=None, gurobi_gap_limit=None, track_anytime=False
[rail] MIP obj=211.000, gap=0.000, t=32.775s
[rail] HYB int=213.000 +polish (feas=OK), relax_lin=518.619, cov_min_frac=1.000, cov_min_int=1.000, T=34.29s (relax=0.013s, Sum_stages=33.98s) | objs: relax=427.046, round=542.000, polish=213.000, mip=211.000, gap%=0.95 | times(s): relax=0.01, round_main=0.00, round_rr=0.01, improve=0.00, polish=0.97, mip=32.99, lp=0.00, redcost=0.00)
RAIL582: coverage per row mean=690.2, density=0.0124
[rail] Loaded: n=582 rows, m=55515 cols, k=1
[DEBUG] solve_mip called with: timelimit=60.0, gurobi_time_limit=None, gurobi_gap_limit=None, track_anytime=False
[rail] MIP obj=211.000, gap=0.000, t=30.789s
[rail] HYB int=213.000 +polish (feas=OK), relax_lin=518.619, cov_min_frac=1.000, cov_min_int=1.000, T=81.39s (relax=0.013s, Sum_stages=81.10s) | objs: relax=427.046, round=363.000, polish=213.000, mip=211.000, gap%=0.95 | times(s): relax=0.01, round_main=49.15, round_rr=0.01, improve=0.00, polish=0.97, mip=30.94, lp=0.00, redcost=0.00)
RAIL582: coverage per row mean=690.2, density=0.0124
[rail] Loaded: n=582 rows, m=55515 cols, k=1
[DEBUG] solve_mip called with: timelimit=60.0, gurobi_time_limit=None, gurobi_gap_limit=None, track_anytime=False
[rail] MIP obj=211.000, gap=0.000, t=38.785s
[rail] HYB int=213.000 +polish (feas=OK), relax_lin=518.619, cov_min_frac=1.000, cov_min_int=1.000, T=40.18s (relax=0.013s, Sum_stages=39.95s) | objs: relax=427.046, round=516.000, polish=213.000, mip=211.000, gap%=0.95 | times(s): relax=0.01, round_main=0.00, round_rr=0.01, improve=0.00, polish=0.95, mip=38.97, lp=0.00, redcost=0.00)
[rail] wrote experiments/rail\rail582_results_20250925_074952.csv rows=10
