[runner] Using synthetic set cover generator
[DEBUG] scales parameter: 200x4000,300x6000
[DEBUG] trials parameter: 10
[synth] Using entropy framework: tau=0.1, iters=200, tol=0.001
[200x4000, t=0] HYB=15.3 vs MIP=14.9 (gap=2.8%)
[200x4000, t=1] HYB=15.4 vs MIP=14.8 (gap=4.4%)
[200x4000, t=2] HYB=15.4 vs MIP=14.8 (gap=3.8%)
[200x4000, t=3] HYB=16.3 vs MIP=15.7 (gap=3.4%)
[200x4000, t=4] HYB=15.2 vs MIP=14.8 (gap=2.3%)
[200x4000, t=5] HYB=16.2 vs MIP=15.1 (gap=7.8%)
[200x4000, t=6] HYB=14.8 vs MIP=14.0 (gap=5.2%)
[200x4000, t=7] HYB=15.9 vs MIP=15.5 (gap=2.6%)
[200x4000, t=8] HYB=16.2 vs MIP=15.8 (gap=2.6%)
[200x4000, t=9] HYB=15.3 vs MIP=14.7 (gap=3.9%)
[300x6000, t=0] HYB=19.1 vs MIP=19.4 (gap=-1.5%)
[300x6000, t=1] HYB=19.5 vs MIP=19.3 (gap=1.4%)
[300x6000, t=2] HYB=18.5 vs MIP=18.6 (gap=-0.5%)
[300x6000, t=3] HYB=18.3 vs MIP=18.8 (gap=-2.7%)
[300x6000, t=4] HYB=18.6 vs MIP=19.2 (gap=-3.0%)
[300x6000, t=5] HYB=19.9 vs MIP=19.7 (gap=1.0%)
[300x6000, t=6] HYB=19.1 vs MIP=19.1 (gap=-0.5%)
[300x6000, t=7] HYB=19.3 vs MIP=18.7 (gap=3.6%)
[300x6000, t=8] HYB=19.0 vs MIP=19.2 (gap=-1.3%)
[300x6000, t=9] HYB=18.8 vs MIP=18.4 (gap=2.2%)
[synth] wrote experiments/rail\syn_results_20250925_073930.csv rows=20 wall=622.35s
