[runner] Using RAIL582 set cover app with path: C:\Users\rich\OneDrive - Danmarks Tekniske Universitet\JR\Publikationer\MIP hybrid\rail582
[DEBUG] main_from_cli_namespace called with: gurobi_time_limit=30.0, gurobi_gap_limit=None, track_gurobi_anytime=True
[mode] RUN_MODE=auto | rail_path='C:\\Users\\rich\\OneDrive - Danmarks Tekniske Universitet\\JR\\Publikationer\\MIP hybrid\\rail582\\rail582' | threads=1 | mip_gap=0.01
RAIL582: coverage per row mean=690.2, density=0.0124
[rail] Loaded: n=582 rows, m=55515 cols, k=1
[SOLVE_MIP] track_anytime=True, solver=gurobi, backend=pulp
[DEBUG] mip_res keys: dict_keys(['x', 'obj', 'time', 'gap', 'status', 'backend', 'anytime_log'])
[DEBUG] mip_res anytime_log has 10 entries
[DEBUG] First entry: (0.021485567092895508, 398.0, 'gurobi_incumbent')
[rail] MIP obj=212.000, gap=0.009, t=1.839s
[DEBUG POLISH] polish_time=0.5, polish_pool=0.2, x_int nonzero=240, y is None=False
[rail] HYB int=341.000 (feas=OK), relax_lin=518.619, cov_min_frac=1.000, cov_min_int=1.000, T=4.28s (relax=0.037s, Sum_stages=3.77s) | objs: relax=427.046, round=498.000, polish=341.000, mip=212.000, gap%=60.85 | times(s): relax=0.04, round_main=0.00, round_rr=0.03, improve=0.01, polish=0.61, mip=3.08, lp=0.00, redcost=0.00)
RAIL582: coverage per row mean=690.2, density=0.0124
[rail] Loaded: n=582 rows, m=55515 cols, k=1
[SOLVE_MIP] track_anytime=True, solver=gurobi, backend=pulp
[DEBUG] mip_res keys: dict_keys(['x', 'obj', 'time', 'gap', 'status', 'backend', 'anytime_log'])
[DEBUG] mip_res anytime_log has 10 entries
[DEBUG] First entry: (0.0414128303527832, 398.0, 'gurobi_incumbent')
[rail] MIP obj=212.000, gap=0.009, t=1.705s
[DEBUG POLISH] polish_time=0.5, polish_pool=0.2, x_int nonzero=229, y is None=False
[rail] HYB int=246.000 +polish (feas=OK), relax_lin=518.619, cov_min_frac=1.000, cov_min_int=1.000, T=3.19s (relax=0.017s, Sum_stages=2.90s) | objs: relax=427.046, round=481.000, polish=246.000, mip=212.000, gap%=16.04 | times(s): relax=0.02, round_main=0.00, round_rr=0.02, improve=0.01, polish=0.53, mip=2.33, lp=0.00, redcost=0.00)
RAIL582: coverage per row mean=690.2, density=0.0124
[rail] Loaded: n=582 rows, m=55515 cols, k=1
[SOLVE_MIP] track_anytime=True, solver=gurobi, backend=pulp
[DEBUG] mip_res keys: dict_keys(['x', 'obj', 'time', 'gap', 'status', 'backend', 'anytime_log'])
[DEBUG] mip_res anytime_log has 10 entries
[DEBUG] First entry: (0.030790328979492188, 398.0, 'gurobi_incumbent')
[rail] MIP obj=212.000, gap=0.009, t=1.836s
[DEBUG POLISH] polish_time=0.5, polish_pool=0.2, x_int nonzero=239, y is None=False
[rail] HYB int=330.000 (feas=OK), relax_lin=518.619, cov_min_frac=1.000, cov_min_int=1.000, T=3.09s (relax=0.014s, Sum_stages=2.84s) | objs: relax=427.046, round=499.000, polish=330.000, mip=212.000, gap%=55.66 | times(s): relax=0.01, round_main=0.00, round_rr=0.01, improve=0.00, polish=0.43, mip=2.38, lp=0.00, redcost=0.00)
RAIL582: coverage per row mean=690.2, density=0.0124
[rail] Loaded: n=582 rows, m=55515 cols, k=1
[SOLVE_MIP] track_anytime=True, solver=gurobi, backend=pulp
[DEBUG] mip_res keys: dict_keys(['x', 'obj', 'time', 'gap', 'status', 'backend', 'anytime_log'])
[DEBUG] mip_res anytime_log has 10 entries
[DEBUG] First entry: (0.02115607261657715, 398.0, 'gurobi_incumbent')
[rail] MIP obj=212.000, gap=0.009, t=1.373s
[DEBUG POLISH] polish_time=0.5, polish_pool=0.2, x_int nonzero=232, y is None=False
[rail] HYB int=329.000 (feas=OK), relax_lin=518.619, cov_min_frac=1.000, cov_min_int=1.000, T=2.63s (relax=0.013s, Sum_stages=2.34s) | objs: relax=427.046, round=530.000, polish=329.000, mip=212.000, gap%=55.19 | times(s): relax=0.01, round_main=0.00, round_rr=0.01, improve=0.00, polish=0.40, mip=1.91, lp=0.00, redcost=0.00)
RAIL582: coverage per row mean=690.2, density=0.0124
[rail] Loaded: n=582 rows, m=55515 cols, k=1
[SOLVE_MIP] track_anytime=True, solver=gurobi, backend=pulp
[DEBUG] mip_res keys: dict_keys(['x', 'obj', 'time', 'gap', 'status', 'backend', 'anytime_log'])
[DEBUG] mip_res anytime_log has 10 entries
[DEBUG] First entry: (0.026137590408325195, 398.0, 'gurobi_incumbent')
[rail] MIP obj=212.000, gap=0.009, t=1.383s
[DEBUG POLISH] polish_time=0.5, polish_pool=0.2, x_int nonzero=241, y is None=False
[rail] HYB int=336.000 (feas=OK), relax_lin=518.619, cov_min_frac=1.000, cov_min_int=1.000, T=2.82s (relax=0.028s, Sum_stages=2.52s) | objs: relax=427.046, round=519.000, polish=336.000, mip=212.000, gap%=58.49 | times(s): relax=0.03, round_main=0.00, round_rr=0.01, improve=0.00, polish=0.45, mip=2.02, lp=0.00, redcost=0.00)
RAIL582: coverage per row mean=690.2, density=0.0124
[rail] Loaded: n=582 rows, m=55515 cols, k=1
[SOLVE_MIP] track_anytime=True, solver=gurobi, backend=pulp
[DEBUG] mip_res keys: dict_keys(['x', 'obj', 'time', 'gap', 'status', 'backend', 'anytime_log'])
[DEBUG] mip_res anytime_log has 10 entries
[DEBUG] First entry: (0.02220606803894043, 398.0, 'gurobi_incumbent')
[rail] MIP obj=212.000, gap=0.009, t=1.544s
[DEBUG POLISH] polish_time=0.5, polish_pool=0.2, x_int nonzero=245, y is None=False
[rail] HYB int=335.000 (feas=OK), relax_lin=518.619, cov_min_frac=1.000, cov_min_int=1.000, T=2.72s (relax=0.013s, Sum_stages=2.46s) | objs: relax=427.046, round=505.000, polish=335.000, mip=212.000, gap%=58.02 | times(s): relax=0.01, round_main=0.00, round_rr=0.01, improve=0.00, polish=0.41, mip=2.02, lp=0.00, redcost=0.00)
RAIL582: coverage per row mean=690.2, density=0.0124
[rail] Loaded: n=582 rows, m=55515 cols, k=1
[SOLVE_MIP] track_anytime=True, solver=gurobi, backend=pulp
[DEBUG] mip_res keys: dict_keys(['x', 'obj', 'time', 'gap', 'status', 'backend', 'anytime_log'])
[DEBUG] mip_res anytime_log has 10 entries
[DEBUG] First entry: (0.020385026931762695, 398.0, 'gurobi_incumbent')
[rail] MIP obj=212.000, gap=0.009, t=1.378s
[DEBUG POLISH] polish_time=0.5, polish_pool=0.2, x_int nonzero=239, y is None=False
[rail] HYB int=337.000 (feas=OK), relax_lin=518.619, cov_min_frac=1.000, cov_min_int=1.000, T=2.71s (relax=0.016s, Sum_stages=2.48s) | objs: relax=427.046, round=526.000, polish=337.000, mip=212.000, gap%=58.96 | times(s): relax=0.02, round_main=0.00, round_rr=0.01, improve=0.00, polish=0.44, mip=2.01, lp=0.00, redcost=0.00)
RAIL582: coverage per row mean=690.2, density=0.0124
[rail] Loaded: n=582 rows, m=55515 cols, k=1
[SOLVE_MIP] track_anytime=True, solver=gurobi, backend=pulp
[DEBUG] mip_res keys: dict_keys(['x', 'obj', 'time', 'gap', 'status', 'backend', 'anytime_log'])
[DEBUG] mip_res anytime_log has 10 entries
[DEBUG] First entry: (0.029299259185791016, 398.0, 'gurobi_incumbent')
[rail] MIP obj=212.000, gap=0.009, t=1.333s
[DEBUG POLISH] polish_time=0.5, polish_pool=0.2, x_int nonzero=243, y is None=False
[rail] HYB int=344.000 (feas=OK), relax_lin=518.619, cov_min_frac=1.000, cov_min_int=1.000, T=2.56s (relax=0.013s, Sum_stages=2.30s) | objs: relax=427.046, round=509.000, polish=344.000, mip=212.000, gap%=62.26 | times(s): relax=0.01, round_main=0.00, round_rr=0.01, improve=0.00, polish=0.42, mip=1.85, lp=0.00, redcost=0.00)
RAIL582: coverage per row mean=690.2, density=0.0124
[rail] Loaded: n=582 rows, m=55515 cols, k=1
[SOLVE_MIP] track_anytime=True, solver=gurobi, backend=pulp
[DEBUG] mip_res keys: dict_keys(['x', 'obj', 'time', 'gap', 'status', 'backend', 'anytime_log'])
[DEBUG] mip_res anytime_log has 10 entries
[DEBUG] First entry: (0.018629074096679688, 398.0, 'gurobi_incumbent')
[rail] MIP obj=212.000, gap=0.009, t=1.340s
[DEBUG POLISH] polish_time=0.5, polish_pool=0.2, x_int nonzero=242, y is None=False
[rail] HYB int=239.000 +polish (feas=OK), relax_lin=518.619, cov_min_frac=1.000, cov_min_int=1.000, T=2.81s (relax=0.019s, Sum_stages=2.51s) | objs: relax=427.046, round=494.000, polish=239.000, mip=212.000, gap%=12.74 | times(s): relax=0.02, round_main=0.00, round_rr=0.01, improve=0.00, polish=0.56, mip=1.91, lp=0.00, redcost=0.00)
RAIL582: coverage per row mean=690.2, density=0.0124
[rail] Loaded: n=582 rows, m=55515 cols, k=1
[SOLVE_MIP] track_anytime=True, solver=gurobi, backend=pulp
[DEBUG] mip_res keys: dict_keys(['x', 'obj', 'time', 'gap', 'status', 'backend', 'anytime_log'])
[DEBUG] mip_res anytime_log has 10 entries
[DEBUG] First entry: (0.0195310115814209, 398.0, 'gurobi_incumbent')
[rail] MIP obj=212.000, gap=0.009, t=1.275s
[DEBUG POLISH] polish_time=0.5, polish_pool=0.2, x_int nonzero=223, y is None=False
[rail] HYB int=332.000 (feas=OK), relax_lin=518.619, cov_min_frac=1.000, cov_min_int=1.000, T=43.12s (relax=0.013s, Sum_stages=42.90s) | objs: relax=427.046, round=363.000, polish=332.000, mip=212.000, gap%=56.60 | times(s): relax=0.01, round_main=40.66, round_rr=0.01, improve=0.00, polish=0.42, mip=1.79, lp=0.00, redcost=0.00)
RAIL582: coverage per row mean=690.2, density=0.0124
[rail] Loaded: n=582 rows, m=55515 cols, k=1
[SOLVE_MIP] track_anytime=True, solver=gurobi, backend=pulp
[DEBUG] mip_res keys: dict_keys(['x', 'obj', 'time', 'gap', 'status', 'backend', 'anytime_log'])
[DEBUG] mip_res anytime_log has 10 entries
[DEBUG] First entry: (0.024561166763305664, 398.0, 'gurobi_incumbent')
[rail] MIP obj=212.000, gap=0.009, t=1.330s
[DEBUG POLISH] polish_time=0.5, polish_pool=0.2, x_int nonzero=239, y is None=False
[rail] HYB int=331.000 (feas=OK), relax_lin=518.619, cov_min_frac=1.000, cov_min_int=1.000, T=2.51s (relax=0.012s, Sum_stages=2.26s) | objs: relax=427.046, round=501.000, polish=331.000, mip=212.000, gap%=56.13 | times(s): relax=0.01, round_main=0.00, round_rr=0.01, improve=0.00, polish=0.42, mip=1.80, lp=0.00, redcost=0.00)
RAIL582: coverage per row mean=690.2, density=0.0124
[rail] Loaded: n=582 rows, m=55515 cols, k=1
[SOLVE_MIP] track_anytime=True, solver=gurobi, backend=pulp
[DEBUG] mip_res keys: dict_keys(['x', 'obj', 'time', 'gap', 'status', 'backend', 'anytime_log'])
[DEBUG] mip_res anytime_log has 10 entries
[DEBUG] First entry: (0.033057451248168945, 398.0, 'gurobi_incumbent')
[rail] MIP obj=212.000, gap=0.009, t=1.368s
[DEBUG POLISH] polish_time=0.5, polish_pool=0.2, x_int nonzero=239, y is None=False
[rail] HYB int=241.000 +polish (feas=OK), relax_lin=518.619, cov_min_frac=1.000, cov_min_int=1.000, T=2.63s (relax=0.013s, Sum_stages=2.39s) | objs: relax=427.046, round=515.000, polish=241.000, mip=212.000, gap%=13.68 | times(s): relax=0.01, round_main=0.00, round_rr=0.01, improve=0.00, polish=0.55, mip=1.82, lp=0.00, redcost=0.00)
RAIL582: coverage per row mean=690.2, density=0.0124
[rail] Loaded: n=582 rows, m=55515 cols, k=1
[SOLVE_MIP] track_anytime=True, solver=gurobi, backend=pulp
[DEBUG] mip_res keys: dict_keys(['x', 'obj', 'time', 'gap', 'status', 'backend', 'anytime_log'])
[DEBUG] mip_res anytime_log has 10 entries
[DEBUG] First entry: (0.023830652236938477, 398.0, 'gurobi_incumbent')
[rail] MIP obj=212.000, gap=0.009, t=1.322s
[DEBUG POLISH] polish_time=0.5, polish_pool=0.2, x_int nonzero=223, y is None=False
[rail] HYB int=241.000 +polish (feas=OK), relax_lin=518.619, cov_min_frac=1.000, cov_min_int=1.000, T=44.16s (relax=0.012s, Sum_stages=43.83s) | objs: relax=427.046, round=363.000, polish=241.000, mip=212.000, gap%=13.68 | times(s): relax=0.01, round_main=41.20, round_rr=0.01, improve=0.00, polish=0.58, mip=2.01, lp=0.00, redcost=0.00)
RAIL582: coverage per row mean=690.2, density=0.0124
[rail] Loaded: n=582 rows, m=55515 cols, k=1
[SOLVE_MIP] track_anytime=True, solver=gurobi, backend=pulp
[DEBUG] mip_res keys: dict_keys(['x', 'obj', 'time', 'gap', 'status', 'backend', 'anytime_log'])
[DEBUG] mip_res anytime_log has 10 entries
[DEBUG] First entry: (0.03766918182373047, 398.0, 'gurobi_incumbent')
[rail] MIP obj=212.000, gap=0.009, t=1.477s
[DEBUG POLISH] polish_time=0.5, polish_pool=0.2, x_int nonzero=245, y is None=False
[rail] HYB int=339.000 (feas=OK), relax_lin=518.619, cov_min_frac=1.000, cov_min_int=1.000, T=2.99s (relax=0.022s, Sum_stages=2.73s) | objs: relax=427.046, round=509.000, polish=339.000, mip=212.000, gap%=59.91 | times(s): relax=0.02, round_main=0.00, round_rr=0.01, improve=0.00, polish=0.48, mip=2.21, lp=0.00, redcost=0.00)
RAIL582: coverage per row mean=690.2, density=0.0124
[rail] Loaded: n=582 rows, m=55515 cols, k=1
[SOLVE_MIP] track_anytime=True, solver=gurobi, backend=pulp
[DEBUG] mip_res keys: dict_keys(['x', 'obj', 'time', 'gap', 'status', 'backend', 'anytime_log'])
[DEBUG] mip_res anytime_log has 10 entries
[DEBUG] First entry: (0.031880855560302734, 398.0, 'gurobi_incumbent')
[rail] MIP obj=212.000, gap=0.009, t=1.740s
[DEBUG POLISH] polish_time=0.5, polish_pool=0.2, x_int nonzero=237, y is None=False
[rail] HYB int=329.000 (feas=OK), relax_lin=518.619, cov_min_frac=1.000, cov_min_int=1.000, T=3.22s (relax=0.013s, Sum_stages=2.96s) | objs: relax=427.046, round=534.000, polish=329.000, mip=212.000, gap%=55.19 | times(s): relax=0.01, round_main=0.00, round_rr=0.01, improve=0.00, polish=0.45, mip=2.49, lp=0.00, redcost=0.00)
RAIL582: coverage per row mean=690.2, density=0.0124
[rail] Loaded: n=582 rows, m=55515 cols, k=1
[SOLVE_MIP] track_anytime=True, solver=gurobi, backend=pulp
[DEBUG] mip_res keys: dict_keys(['x', 'obj', 'time', 'gap', 'status', 'backend', 'anytime_log'])
[DEBUG] mip_res anytime_log has 10 entries
[DEBUG] First entry: (0.024751663208007812, 398.0, 'gurobi_incumbent')
[rail] MIP obj=212.000, gap=0.009, t=1.553s
[DEBUG POLISH] polish_time=0.5, polish_pool=0.2, x_int nonzero=235, y is None=False
[rail] HYB int=329.000 (feas=OK), relax_lin=518.619, cov_min_frac=1.000, cov_min_int=1.000, T=3.61s (relax=0.037s, Sum_stages=3.30s) | objs: relax=427.046, round=521.000, polish=329.000, mip=212.000, gap%=55.19 | times(s): relax=0.04, round_main=0.00, round_rr=0.02, improve=0.01, polish=0.59, mip=2.63, lp=0.00, redcost=0.01)
RAIL582: coverage per row mean=690.2, density=0.0124
[rail] Loaded: n=582 rows, m=55515 cols, k=1
[SOLVE_MIP] track_anytime=True, solver=gurobi, backend=pulp
[DEBUG] mip_res keys: dict_keys(['x', 'obj', 'time', 'gap', 'status', 'backend', 'anytime_log'])
[DEBUG] mip_res anytime_log has 10 entries
[DEBUG] First entry: (0.027205467224121094, 398.0, 'gurobi_incumbent')
[rail] MIP obj=212.000, gap=0.009, t=1.583s
[DEBUG POLISH] polish_time=0.5, polish_pool=0.2, x_int nonzero=250, y is None=False
[rail] HYB int=242.000 +polish (feas=OK), relax_lin=518.619, cov_min_frac=1.000, cov_min_int=1.000, T=3.43s (relax=0.021s, Sum_stages=3.07s) | objs: relax=427.046, round=534.000, polish=242.000, mip=212.000, gap%=14.15 | times(s): relax=0.02, round_main=0.00, round_rr=0.01, improve=0.00, polish=0.69, mip=2.34, lp=0.00, redcost=0.00)
RAIL582: coverage per row mean=690.2, density=0.0124
[rail] Loaded: n=582 rows, m=55515 cols, k=1
[SOLVE_MIP] track_anytime=True, solver=gurobi, backend=pulp
[DEBUG] mip_res keys: dict_keys(['x', 'obj', 'time', 'gap', 'status', 'backend', 'anytime_log'])
[DEBUG] mip_res anytime_log has 10 entries
[DEBUG] First entry: (0.035158395767211914, 398.0, 'gurobi_incumbent')
[rail] MIP obj=212.000, gap=0.009, t=1.542s
[DEBUG POLISH] polish_time=0.5, polish_pool=0.2, x_int nonzero=253, y is None=False
[rail] HYB int=248.000 +polish (feas=OK), relax_lin=518.619, cov_min_frac=1.000, cov_min_int=1.000, T=3.16s (relax=0.019s, Sum_stages=2.88s) | objs: relax=427.046, round=552.000, polish=248.000, mip=212.000, gap%=16.98 | times(s): relax=0.02, round_main=0.00, round_rr=0.01, improve=0.00, polish=0.63, mip=2.21, lp=0.00, redcost=0.00)
RAIL582: coverage per row mean=690.2, density=0.0124
[rail] Loaded: n=582 rows, m=55515 cols, k=1
[SOLVE_MIP] track_anytime=True, solver=gurobi, backend=pulp
[DEBUG] mip_res keys: dict_keys(['x', 'obj', 'time', 'gap', 'status', 'backend', 'anytime_log'])
[DEBUG] mip_res anytime_log has 10 entries
[DEBUG] First entry: (0.027312040328979492, 398.0, 'gurobi_incumbent')
[rail] MIP obj=212.000, gap=0.009, t=1.426s
[DEBUG POLISH] polish_time=0.5, polish_pool=0.2, x_int nonzero=237, y is None=False
[rail] HYB int=328.000 (feas=OK), relax_lin=518.619, cov_min_frac=1.000, cov_min_int=1.000, T=2.79s (relax=0.015s, Sum_stages=2.51s) | objs: relax=427.046, round=521.000, polish=328.000, mip=212.000, gap%=54.72 | times(s): relax=0.02, round_main=0.00, round_rr=0.01, improve=0.00, polish=0.51, mip=1.97, lp=0.00, redcost=0.00)
RAIL582: coverage per row mean=690.2, density=0.0124
[rail] Loaded: n=582 rows, m=55515 cols, k=1
[SOLVE_MIP] track_anytime=True, solver=gurobi, backend=pulp
[DEBUG] mip_res keys: dict_keys(['x', 'obj', 'time', 'gap', 'status', 'backend', 'anytime_log'])
[DEBUG] mip_res anytime_log has 10 entries
[DEBUG] First entry: (0.0215456485748291, 398.0, 'gurobi_incumbent')
[rail] MIP obj=212.000, gap=0.009, t=1.495s
[DEBUG POLISH] polish_time=0.5, polish_pool=0.2, x_int nonzero=223, y is None=False
[rail] HYB int=241.000 +polish (feas=OK), relax_lin=518.619, cov_min_frac=1.000, cov_min_int=1.000, T=47.78s (relax=0.014s, Sum_stages=47.46s) | objs: relax=427.046, round=363.000, polish=241.000, mip=212.000, gap%=13.68 | times(s): relax=0.01, round_main=44.66, round_rr=0.01, improve=0.01, polish=0.63, mip=2.13, lp=0.00, redcost=0.00)
[rail] Writing 20 rows with 65 columns to experiments/rail\rail582_results_20251005_145644.csv
[rail] Successfully wrote experiments/rail\rail582_results_20251005_145644.csv
[rail] wrote experiments/rail\rail582_results_20251005_145644.csv rows=20
