[runner] Using RAIL582 set cover app with path: C:\Users\rich\OneDrive - Danmarks Tekniske Universitet\JR\Publikationer\MIP hybrid\rail582
[DEBUG] main_from_cli_namespace called with: gurobi_time_limit=30.0, gurobi_gap_limit=None, track_gurobi_anytime=True
[mode] RUN_MODE=auto | rail_path='C:\\Users\\rich\\OneDrive - Danmarks Tekniske Universitet\\JR\\Publikationer\\MIP hybrid\\rail582\\rail582' | threads=1 | mip_gap=0.01
RAIL582: coverage per row mean=690.2, density=0.0124
[rail] Loaded: n=582 rows, m=55515 cols, k=1
[DEBUG] solve_mip called with: timelimit=60.0, gurobi_time_limit=30.0, gurobi_gap_limit=None, track_anytime=True
[rail] MIP obj=211.000, gap=0.006, t=28.963s
[rail] HYB int=250.000 +polish (feas=OK), relax_lin=518.619, cov_min_frac=1.000, cov_min_int=1.000, T=30.06s (relax=0.013s, Sum_stages=29.69s) | objs: relax=427.046, round=494.000, polish=250.000, mip=211.000, gap%=18.48 | times(s): relax=0.01, round_main=0.00, round_rr=0.01, improve=0.00, polish=0.51, mip=29.15, lp=0.00, redcost=0.00)
RAIL582: coverage per row mean=690.2, density=0.0124
[rail] Loaded: n=582 rows, m=55515 cols, k=1
[DEBUG] solve_mip called with: timelimit=60.0, gurobi_time_limit=30.0, gurobi_gap_limit=None, track_anytime=True
[rail] MIP obj=211.000, gap=0.006, t=29.079s
[rail] HYB int=335.000 (feas=OK), relax_lin=518.619, cov_min_frac=1.000, cov_min_int=1.000, T=29.90s (relax=0.014s, Sum_stages=29.69s) | objs: relax=427.046, round=517.000, polish=335.000, mip=211.000, gap%=58.77 | times(s): relax=0.01, round_main=0.00, round_rr=0.01, improve=0.00, polish=0.42, mip=29.24, lp=0.00, redcost=0.00)
RAIL582: coverage per row mean=690.2, density=0.0124
[rail] Loaded: n=582 rows, m=55515 cols, k=1
[DEBUG] solve_mip called with: timelimit=60.0, gurobi_time_limit=30.0, gurobi_gap_limit=None, track_anytime=True
[rail] MIP obj=211.000, gap=0.006, t=29.080s
[rail] HYB int=348.000 (feas=OK), relax_lin=518.619, cov_min_frac=1.000, cov_min_int=1.000, T=29.94s (relax=0.014s, Sum_stages=29.72s) | objs: relax=427.046, round=510.000, polish=348.000, mip=211.000, gap%=64.93 | times(s): relax=0.01, round_main=0.00, round_rr=0.01, improve=0.01, polish=0.41, mip=29.28, lp=0.00, redcost=0.00)
[rail] Writing 3 rows with 35 columns to experiments/rail\rail582_results_20251005_125343.csv
[rail] Successfully wrote experiments/rail\rail582_results_20251005_125343.csv
[rail] wrote experiments/rail\rail582_results_20251005_125343.csv rows=3
