[runner] Using RAIL582 set cover app with path: C:\Users\rich\OneDrive - Danmarks Tekniske Universitet\JR\Publikationer\MIP hybrid\rail582
[DEBUG] main_from_cli_namespace called with: gurobi_time_limit=20.0, gurobi_gap_limit=None, track_gurobi_anytime=True
[mode] RUN_MODE=auto | rail_path='C:\\Users\\rich\\OneDrive - Danmarks Tekniske Universitet\\JR\\Publikationer\\MIP hybrid\\rail582\\rail582' | threads=1 | mip_gap=0.01
RAIL582: coverage per row mean=690.2, density=0.0124
[rail] Loaded: n=582 rows, m=55515 cols, k=1
[DEBUG] solve_mip called with: timelimit=60.0, gurobi_time_limit=20.0, gurobi_gap_limit=None, track_anytime=True
[mip] backend=pulp:cbc timelimit=20.0 gap_limit=None mipgap=None threads=None
[rail] MIP obj=212.000, gap=NA, t=21.973s
[rail] HYB int=227.000 +polish (feas=OK), relax_lin=518.619, cov_min_frac=1.000, cov_min_int=1.000, T=24.06s (relax=0.022s, Sum_stages=23.68s) | objs: relax=427.046, round=481.000, polish=227.000, mip=212.000, gap%=7.08 | times(s): relax=0.02, round_main=0.00, round_rr=0.01, improve=0.00, polish=0.96, mip=22.67, lp=0.00, redcost=0.00)
RAIL582: coverage per row mean=690.2, density=0.0124
[rail] Loaded: n=582 rows, m=55515 cols, k=1
[DEBUG] solve_mip called with: timelimit=60.0, gurobi_time_limit=20.0, gurobi_gap_limit=None, track_anytime=True
[mip] backend=pulp:cbc timelimit=20.0 gap_limit=None mipgap=None threads=None
[rail] MIP obj=212.000, gap=NA, t=21.971s
[rail] HYB int=241.000 +polish (feas=OK), relax_lin=518.619, cov_min_frac=1.000, cov_min_int=1.000, T=23.96s (relax=0.018s, Sum_stages=23.49s) | objs: relax=427.046, round=499.000, polish=241.000, mip=212.000, gap%=13.68 | times(s): relax=0.02, round_main=0.00, round_rr=0.02, improve=0.00, polish=0.92, mip=22.53, lp=0.00, redcost=0.00)
RAIL582: coverage per row mean=690.2, density=0.0124
[rail] Loaded: n=582 rows, m=55515 cols, k=1
[DEBUG] solve_mip called with: timelimit=60.0, gurobi_time_limit=20.0, gurobi_gap_limit=None, track_anytime=True
[mip] backend=pulp:cbc timelimit=20.0 gap_limit=None mipgap=None threads=None
[rail] MIP obj=212.000, gap=NA, t=23.219s
[rail] HYB int=213.000 +polish (feas=OK), relax_lin=518.619, cov_min_frac=1.000, cov_min_int=1.000, T=25.22s (relax=0.019s, Sum_stages=24.86s) | objs: relax=427.046, round=505.000, polish=213.000, mip=212.000, gap%=0.47 | times(s): relax=0.02, round_main=0.00, round_rr=0.01, improve=0.01, polish=1.00, mip=23.82, lp=0.00, redcost=0.01)
RAIL582: coverage per row mean=690.2, density=0.0124
[rail] Loaded: n=582 rows, m=55515 cols, k=1
[DEBUG] solve_mip called with: timelimit=60.0, gurobi_time_limit=20.0, gurobi_gap_limit=None, track_anytime=True
[mip] backend=pulp:cbc timelimit=20.0 gap_limit=None mipgap=None threads=None
[rail] MIP obj=212.000, gap=NA, t=28.864s
[rail] HYB int=328.000 (feas=OK), relax_lin=518.619, cov_min_frac=1.000, cov_min_int=1.000, T=31.43s (relax=0.054s, Sum_stages=31.00s) | objs: relax=427.046, round=529.000, polish=328.000, mip=212.000, gap%=54.72 | times(s): relax=0.05, round_main=0.00, round_rr=0.04, improve=0.02, polish=1.38, mip=29.49, lp=0.00, redcost=0.01)
RAIL582: coverage per row mean=690.2, density=0.0124
[rail] Loaded: n=582 rows, m=55515 cols, k=1
[DEBUG] solve_mip called with: timelimit=60.0, gurobi_time_limit=20.0, gurobi_gap_limit=None, track_anytime=True
[mip] backend=pulp:cbc timelimit=20.0 gap_limit=None mipgap=None threads=None
[rail] MIP obj=212.000, gap=NA, t=25.089s
[rail] HYB int=337.000 (feas=OK), relax_lin=518.619, cov_min_frac=1.000, cov_min_int=1.000, T=29.50s (relax=0.055s, Sum_stages=28.23s) | objs: relax=427.046, round=509.000, polish=337.000, mip=212.000, gap%=58.96 | times(s): relax=0.05, round_main=0.00, round_rr=0.03, improve=0.02, polish=1.19, mip=26.93, lp=0.00, redcost=0.01)
[rail] Writing 5 rows with 35 columns to experiments/rail\rail582_results_20250925_172852.csv
[rail] Successfully wrote experiments/rail\rail582_results_20250925_172852.csv
[rail] wrote experiments/rail\rail582_results_20250925_172852.csv rows=5
