[runner] Using RAIL582 set cover app with path: C:\Users\rich\OneDrive - Danmarks Tekniske Universitet\JR\Publikationer\MIP hybrid\rail582
[DEBUG] main_from_cli_namespace called with: gurobi_time_limit=20.0, gurobi_gap_limit=None, track_gurobi_anytime=True
[mode] RUN_MODE=auto | rail_path='C:\\Users\\rich\\OneDrive - Danmarks Tekniske Universitet\\JR\\Publikationer\\MIP hybrid\\rail582\\rail582' | threads=1 | mip_gap=0.01
RAIL582: coverage per row mean=690.2, density=0.0124
[rail] Loaded: n=582 rows, m=55515 cols, k=1
[DEBUG] solve_mip called with: timelimit=60.0, gurobi_time_limit=20.0, gurobi_gap_limit=None, track_anytime=True
[rail] MIP obj=212.000, gap=0.011, t=18.824s
[rail] HYB int=336.000 (feas=OK), relax_lin=518.619, cov_min_frac=1.000, cov_min_int=1.000, T=21.26s (relax=0.048s, Sum_stages=20.51s) | objs: relax=427.046, round=526.000, polish=336.000, mip=212.000, gap%=58.49 | times(s): relax=0.05, round_main=0.00, round_rr=0.03, improve=0.01, polish=1.03, mip=19.38, lp=0.00, redcost=0.01)
RAIL582: coverage per row mean=690.2, density=0.0124
[rail] Loaded: n=582 rows, m=55515 cols, k=1
[DEBUG] solve_mip called with: timelimit=60.0, gurobi_time_limit=20.0, gurobi_gap_limit=None, track_anytime=True
[rail] MIP obj=212.000, gap=0.011, t=18.518s
[rail] HYB int=338.000 (feas=OK), relax_lin=518.619, cov_min_frac=1.000, cov_min_int=1.000, T=21.10s (relax=0.052s, Sum_stages=20.35s) | objs: relax=427.046, round=534.000, polish=338.000, mip=212.000, gap%=59.43 | times(s): relax=0.05, round_main=0.00, round_rr=0.03, improve=0.02, polish=1.00, mip=19.24, lp=0.00, redcost=0.01)
RAIL582: coverage per row mean=690.2, density=0.0124
[rail] Loaded: n=582 rows, m=55515 cols, k=1
[DEBUG] solve_mip called with: timelimit=60.0, gurobi_time_limit=20.0, gurobi_gap_limit=None, track_anytime=True
[rail] MIP obj=212.000, gap=0.011, t=17.853s
[rail] HYB int=213.000 +polish (feas=OK), relax_lin=518.619, cov_min_frac=1.000, cov_min_int=1.000, T=19.93s (relax=0.013s, Sum_stages=19.33s) | objs: relax=427.046, round=512.000, polish=213.000, mip=212.000, gap%=0.47 | times(s): relax=0.01, round_main=0.00, round_rr=0.01, improve=0.00, polish=0.98, mip=18.32, lp=0.00, redcost=0.00)
RAIL582: coverage per row mean=690.2, density=0.0124
[rail] Loaded: n=582 rows, m=55515 cols, k=1
[DEBUG] solve_mip called with: timelimit=60.0, gurobi_time_limit=20.0, gurobi_gap_limit=None, track_anytime=True
[rail] MIP obj=212.000, gap=0.011, t=20.281s
[rail] HYB int=344.000 (feas=OK), relax_lin=518.619, cov_min_frac=1.000, cov_min_int=1.000, T=21.95s (relax=0.044s, Sum_stages=21.64s) | objs: relax=427.046, round=503.000, polish=344.000, mip=212.000, gap%=62.26 | times(s): relax=0.04, round_main=0.00, round_rr=0.04, improve=0.01, polish=1.05, mip=20.49, lp=0.00, redcost=0.01)
RAIL582: coverage per row mean=690.2, density=0.0124
[rail] Loaded: n=582 rows, m=55515 cols, k=1
[DEBUG] solve_mip called with: timelimit=60.0, gurobi_time_limit=20.0, gurobi_gap_limit=None, track_anytime=True
[rail] MIP obj=212.000, gap=0.011, t=18.970s
[rail] HYB int=333.000 (feas=OK), relax_lin=518.619, cov_min_frac=1.000, cov_min_int=1.000, T=21.49s (relax=0.048s, Sum_stages=20.65s) | objs: relax=427.046, round=515.000, polish=333.000, mip=212.000, gap%=57.08 | times(s): relax=0.05, round_main=0.00, round_rr=0.04, improve=0.02, polish=1.07, mip=19.47, lp=0.00, redcost=0.01)
[rail] Writing 5 rows with 35 columns to experiments/rail\rail582_results_20250925_191706.csv
[rail] Successfully wrote experiments/rail\rail582_results_20250925_191706.csv
[rail] wrote experiments/rail\rail582_results_20250925_191706.csv rows=5
