[runner] Using RAIL582 set cover app with path: C:\Users\rich\OneDrive - Danmarks Tekniske Universitet\JR\Publikationer\MIP hybrid\rail582
[DEBUG] main_from_cli_namespace called with: gurobi_time_limit=20.0, gurobi_gap_limit=None, track_gurobi_anytime=True
[mode] RUN_MODE=auto | rail_path='C:\\Users\\rich\\OneDrive - Danmarks Tekniske Universitet\\JR\\Publikationer\\MIP hybrid\\rail582\\rail582' | threads=1 | mip_gap=0.01
RAIL582: coverage per row mean=690.2, density=0.0124
[rail] Loaded: n=582 rows, m=55515 cols, k=1
[DEBUG] solve_mip called with: timelimit=60.0, gurobi_time_limit=20.0, gurobi_gap_limit=None, track_anytime=True
[rail] MIP obj=211.000, gap=0.006, t=18.868s
[rail] HYB int=238.000 +polish (feas=OK), relax_lin=518.619, cov_min_frac=1.000, cov_min_int=1.000, T=20.30s (relax=0.018s, Sum_stages=20.01s) | objs: relax=427.046, round=522.000, polish=238.000, mip=211.000, gap%=12.80 | times(s): relax=0.02, round_main=0.00, round_rr=0.01, improve=0.01, polish=0.92, mip=19.04, lp=0.00, redcost=0.00)
RAIL582: coverage per row mean=690.2, density=0.0124
[rail] Loaded: n=582 rows, m=55515 cols, k=1
[DEBUG] solve_mip called with: timelimit=60.0, gurobi_time_limit=20.0, gurobi_gap_limit=None, track_anytime=True
[rail] MIP obj=211.000, gap=0.006, t=19.612s
[rail] HYB int=213.000 +polish (feas=OK), relax_lin=518.619, cov_min_frac=1.000, cov_min_int=1.000, T=21.10s (relax=0.013s, Sum_stages=20.85s) | objs: relax=427.046, round=499.000, polish=213.000, mip=211.000, gap%=0.95 | times(s): relax=0.01, round_main=0.00, round_rr=0.01, improve=0.01, polish=0.99, mip=19.83, lp=0.00, redcost=0.00)
RAIL582: coverage per row mean=690.2, density=0.0124
[rail] Loaded: n=582 rows, m=55515 cols, k=1
[DEBUG] solve_mip called with: timelimit=60.0, gurobi_time_limit=20.0, gurobi_gap_limit=None, track_anytime=True
[rail] MIP obj=212.000, gap=0.011, t=19.361s
[rail] HYB int=213.000 +polish (feas=OK), relax_lin=518.619, cov_min_frac=1.000, cov_min_int=1.000, T=20.72s (relax=0.017s, Sum_stages=20.48s) | objs: relax=427.046, round=519.000, polish=213.000, mip=212.000, gap%=0.47 | times(s): relax=0.02, round_main=0.00, round_rr=0.01, improve=0.01, polish=0.92, mip=19.52, lp=0.00, redcost=0.00)
RAIL582: coverage per row mean=690.2, density=0.0124
[rail] Loaded: n=582 rows, m=55515 cols, k=1
[DEBUG] solve_mip called with: timelimit=60.0, gurobi_time_limit=20.0, gurobi_gap_limit=None, track_anytime=True
[rail] MIP obj=211.000, gap=0.006, t=19.879s
[rail] HYB int=240.000 +polish (feas=OK), relax_lin=518.619, cov_min_frac=1.000, cov_min_int=1.000, T=21.39s (relax=0.018s, Sum_stages=21.11s) | objs: relax=427.046, round=490.000, polish=240.000, mip=211.000, gap%=13.74 | times(s): relax=0.02, round_main=0.00, round_rr=0.01, improve=0.00, polish=1.00, mip=20.08, lp=0.00, redcost=0.01)
RAIL582: coverage per row mean=690.2, density=0.0124
[rail] Loaded: n=582 rows, m=55515 cols, k=1
[DEBUG] solve_mip called with: timelimit=60.0, gurobi_time_limit=20.0, gurobi_gap_limit=None, track_anytime=True
[rail] MIP obj=211.000, gap=0.006, t=20.056s
[rail] HYB int=213.000 +polish (feas=OK), relax_lin=518.619, cov_min_frac=1.000, cov_min_int=1.000, T=21.69s (relax=0.016s, Sum_stages=21.37s) | objs: relax=427.046, round=511.000, polish=213.000, mip=211.000, gap%=0.95 | times(s): relax=0.02, round_main=0.00, round_rr=0.02, improve=0.00, polish=1.07, mip=20.26, lp=0.00, redcost=0.00)
[rail] Writing 5 rows with 35 columns to experiments/rail\rail582_results_20250925_180714.csv
[rail] Successfully wrote experiments/rail\rail582_results_20250925_180714.csv
[rail] wrote experiments/rail\rail582_results_20250925_180714.csv rows=5
