[runner] Using RAIL582 set cover app with path: C:\Users\rich\OneDrive - Danmarks Tekniske Universitet\JR\Publikationer\MIP hybrid\rail582
[DEBUG] main_from_cli_namespace called with: gurobi_time_limit=None, gurobi_gap_limit=None, track_gurobi_anytime=False
[mode] RUN_MODE=auto | rail_path='C:\\Users\\rich\\OneDrive - Danmarks Tekniske Universitet\\JR\\Publikationer\\MIP hybrid\\rail582\\rail582' | threads=1 | mip_gap=0.01
RAIL582: coverage per row mean=690.2, density=0.0124
[rail] Loaded: n=582 rows, m=55515 cols, k=1
[DEBUG] solve_mip called with: timelimit=60.0, gurobi_time_limit=None, gurobi_gap_limit=None, track_anytime=False
[rail] MIP obj=211.000, gap=0.000, t=39.703s
[rail] HYB int=335.000 (feas=OK), relax_lin=518.619, cov_min_frac=1.000, cov_min_int=1.000, T=41.98s (relax=0.063s, Sum_stages=41.33s) | objs: relax=427.046, round=531.000, polish=335.000, mip=211.000, gap%=58.77 | times(s): relax=0.06, round_main=0.00, round_rr=0.05, improve=0.02, polish=1.18, mip=40.01, lp=0.00, redcost=0.01)
RAIL582: coverage per row mean=690.2, density=0.0124
[rail] Loaded: n=582 rows, m=55515 cols, k=1
[DEBUG] solve_mip called with: timelimit=60.0, gurobi_time_limit=None, gurobi_gap_limit=None, track_anytime=False
[rail] MIP obj=211.000, gap=0.000, t=45.403s
[rail] HYB int=240.000 +polish (feas=OK), relax_lin=518.619, cov_min_frac=1.000, cov_min_int=1.000, T=47.41s (relax=0.038s, Sum_stages=46.79s) | objs: relax=427.046, round=531.000, polish=240.000, mip=211.000, gap%=13.74 | times(s): relax=0.04, round_main=0.00, round_rr=0.02, improve=0.01, polish=1.03, mip=45.70, lp=0.00, redcost=0.00)
RAIL582: coverage per row mean=690.2, density=0.0124
[rail] Loaded: n=582 rows, m=55515 cols, k=1
[DEBUG] solve_mip called with: timelimit=60.0, gurobi_time_limit=None, gurobi_gap_limit=None, track_anytime=False
[rail] MIP obj=211.000, gap=0.000, t=46.853s
[rail] HYB int=213.000 +polish (feas=OK), relax_lin=518.619, cov_min_frac=1.000, cov_min_int=1.000, T=48.64s (relax=0.028s, Sum_stages=48.25s) | objs: relax=427.046, round=507.000, polish=213.000, mip=211.000, gap%=0.95 | times(s): relax=0.03, round_main=0.00, round_rr=0.02, improve=0.01, polish=1.05, mip=47.14, lp=0.00, redcost=0.00)
RAIL582: coverage per row mean=690.2, density=0.0124
[rail] Loaded: n=582 rows, m=55515 cols, k=1
[DEBUG] solve_mip called with: timelimit=60.0, gurobi_time_limit=None, gurobi_gap_limit=None, track_anytime=False
[rail] MIP obj=211.000, gap=0.000, t=38.464s
[rail] HYB int=213.000 +polish (feas=OK), relax_lin=518.619, cov_min_frac=1.000, cov_min_int=1.000, T=80.02s (relax=0.014s, Sum_stages=79.71s) | objs: relax=427.046, round=363.000, polish=213.000, mip=211.000, gap%=0.95 | times(s): relax=0.01, round_main=39.81, round_rr=0.01, improve=0.00, polish=1.09, mip=38.78, lp=0.00, redcost=0.00)
RAIL582: coverage per row mean=690.2, density=0.0124
[rail] Loaded: n=582 rows, m=55515 cols, k=1
[DEBUG] solve_mip called with: timelimit=60.0, gurobi_time_limit=None, gurobi_gap_limit=None, track_anytime=False
[rail] MIP obj=211.000, gap=0.000, t=34.002s
[rail] HYB int=213.000 +polish (feas=OK), relax_lin=518.619, cov_min_frac=1.000, cov_min_int=1.000, T=74.89s (relax=0.013s, Sum_stages=74.58s) | objs: relax=427.046, round=363.000, polish=213.000, mip=211.000, gap%=0.95 | times(s): relax=0.01, round_main=39.33, round_rr=0.01, improve=0.00, polish=1.00, mip=34.22, lp=0.00, redcost=0.00)
[runner] app call failed: dict contains fields not in fieldnames: 'anytime_t_3', 'anytime_obj_3', 'anytime_method_3'
