[runner] Using RAIL582 set cover app with path: C:\Users\rich\OneDrive - Danmarks Tekniske Universitet\JR\Publikationer\MIP hybrid\rail582
[DEBUG] main_from_cli_namespace called with: gurobi_time_limit=20.0, gurobi_gap_limit=None, track_gurobi_anytime=True
[mode] RUN_MODE=auto | rail_path='C:\\Users\\rich\\OneDrive - Danmarks Tekniske Universitet\\JR\\Publikationer\\MIP hybrid\\rail582\\rail582' | threads=1 | mip_gap=0.01
RAIL582: coverage per row mean=690.2, density=0.0124
[rail] Loaded: n=582 rows, m=55515 cols, k=1
[DEBUG] solve_mip called with: timelimit=60.0, gurobi_time_limit=20.0, gurobi_gap_limit=None, track_anytime=True
[rail] MIP obj=211.000, gap=0.006, t=19.823s
[rail] HYB int=213.000 +polish (feas=OK), relax_lin=518.619, cov_min_frac=1.000, cov_min_int=1.000, T=21.68s (relax=0.015s, Sum_stages=21.15s) | objs: relax=427.046, round=487.000, polish=213.000, mip=211.000, gap%=0.95 | times(s): relax=0.01, round_main=0.00, round_rr=0.02, improve=0.00, polish=0.97, mip=20.14, lp=0.00, redcost=0.00)
RAIL582: coverage per row mean=690.2, density=0.0124
[rail] Loaded: n=582 rows, m=55515 cols, k=1
[DEBUG] solve_mip called with: timelimit=60.0, gurobi_time_limit=20.0, gurobi_gap_limit=None, track_anytime=True
[rail] MIP obj=211.000, gap=0.006, t=19.436s
[rail] HYB int=213.000 +polish (feas=OK), relax_lin=518.619, cov_min_frac=1.000, cov_min_int=1.000, T=59.94s (relax=0.017s, Sum_stages=59.68s) | objs: relax=427.046, round=363.000, polish=213.000, mip=211.000, gap%=0.95 | times(s): relax=0.02, round_main=38.98, round_rr=0.01, improve=0.00, polish=1.00, mip=19.66, lp=0.00, redcost=0.00)
RAIL582: coverage per row mean=690.2, density=0.0124
[rail] Loaded: n=582 rows, m=55515 cols, k=1
[DEBUG] solve_mip called with: timelimit=60.0, gurobi_time_limit=20.0, gurobi_gap_limit=None, track_anytime=True
[rail] MIP obj=211.000, gap=0.006, t=20.264s
[rail] HYB int=214.000 +polish (feas=OK), relax_lin=518.619, cov_min_frac=1.000, cov_min_int=1.000, T=21.71s (relax=0.021s, Sum_stages=21.45s) | objs: relax=427.046, round=502.000, polish=214.000, mip=211.000, gap%=1.42 | times(s): relax=0.02, round_main=0.00, round_rr=0.02, improve=0.01, polish=0.95, mip=20.45, lp=0.00, redcost=0.01)
RAIL582: coverage per row mean=690.2, density=0.0124
[rail] Loaded: n=582 rows, m=55515 cols, k=1
[DEBUG] solve_mip called with: timelimit=60.0, gurobi_time_limit=20.0, gurobi_gap_limit=None, track_anytime=True
[rail] MIP obj=211.000, gap=0.006, t=19.008s
[rail] HYB int=213.000 +polish (feas=OK), relax_lin=518.619, cov_min_frac=1.000, cov_min_int=1.000, T=20.62s (relax=0.013s, Sum_stages=20.32s) | objs: relax=427.046, round=524.000, polish=213.000, mip=211.000, gap%=0.95 | times(s): relax=0.01, round_main=0.00, round_rr=0.01, improve=0.00, polish=1.04, mip=19.24, lp=0.00, redcost=0.00)
RAIL582: coverage per row mean=690.2, density=0.0124
[rail] Loaded: n=582 rows, m=55515 cols, k=1
[DEBUG] solve_mip called with: timelimit=60.0, gurobi_time_limit=20.0, gurobi_gap_limit=None, track_anytime=True
[rail] MIP obj=211.000, gap=0.006, t=19.735s
[rail] HYB int=213.000 +polish (feas=OK), relax_lin=518.619, cov_min_frac=1.000, cov_min_int=1.000, T=21.23s (relax=0.015s, Sum_stages=20.95s) | objs: relax=427.046, round=490.000, polish=213.000, mip=211.000, gap%=0.95 | times(s): relax=0.02, round_main=0.00, round_rr=0.01, improve=0.00, polish=0.98, mip=19.93, lp=0.00, redcost=0.00)
RAIL582: coverage per row mean=690.2, density=0.0124
[rail] Loaded: n=582 rows, m=55515 cols, k=1
[DEBUG] solve_mip called with: timelimit=60.0, gurobi_time_limit=20.0, gurobi_gap_limit=None, track_anytime=True
[rail] MIP obj=211.000, gap=0.006, t=19.437s
[rail] HYB int=234.000 +polish (feas=OK), relax_lin=518.619, cov_min_frac=1.000, cov_min_int=1.000, T=20.91s (relax=0.019s, Sum_stages=20.63s) | objs: relax=427.046, round=478.000, polish=234.000, mip=211.000, gap%=10.90 | times(s): relax=0.02, round_main=0.00, round_rr=0.01, improve=0.00, polish=0.96, mip=19.63, lp=0.00, redcost=0.00)
RAIL582: coverage per row mean=690.2, density=0.0124
[rail] Loaded: n=582 rows, m=55515 cols, k=1
[DEBUG] solve_mip called with: timelimit=60.0, gurobi_time_limit=20.0, gurobi_gap_limit=None, track_anytime=True
[rail] MIP obj=211.000, gap=0.006, t=19.024s
[rail] HYB int=213.000 +polish (feas=OK), relax_lin=518.619, cov_min_frac=1.000, cov_min_int=1.000, T=20.57s (relax=0.014s, Sum_stages=20.27s) | objs: relax=427.046, round=523.000, polish=213.000, mip=211.000, gap%=0.95 | times(s): relax=0.01, round_main=0.00, round_rr=0.01, improve=0.00, polish=1.04, mip=19.21, lp=0.00, redcost=0.00)
RAIL582: coverage per row mean=690.2, density=0.0124
[rail] Loaded: n=582 rows, m=55515 cols, k=1
[DEBUG] solve_mip called with: timelimit=60.0, gurobi_time_limit=20.0, gurobi_gap_limit=None, track_anytime=True
[rail] MIP obj=211.000, gap=0.006, t=19.682s
[rail] HYB int=214.000 +polish (feas=OK), relax_lin=518.619, cov_min_frac=1.000, cov_min_int=1.000, T=21.08s (relax=0.015s, Sum_stages=20.84s) | objs: relax=427.046, round=501.000, polish=214.000, mip=211.000, gap%=1.42 | times(s): relax=0.01, round_main=0.00, round_rr=0.01, improve=0.00, polish=0.93, mip=19.87, lp=0.00, redcost=0.00)
RAIL582: coverage per row mean=690.2, density=0.0124
[rail] Loaded: n=582 rows, m=55515 cols, k=1
[DEBUG] solve_mip called with: timelimit=60.0, gurobi_time_limit=20.0, gurobi_gap_limit=None, track_anytime=True
[rail] MIP obj=211.000, gap=0.006, t=19.338s
[rail] HYB int=214.000 +polish (feas=OK), relax_lin=518.619, cov_min_frac=1.000, cov_min_int=1.000, T=21.06s (relax=0.014s, Sum_stages=20.80s) | objs: relax=427.046, round=522.000, polish=214.000, mip=211.000, gap%=1.42 | times(s): relax=0.01, round_main=0.00, round_rr=0.01, improve=0.00, polish=1.22, mip=19.56, lp=0.00, redcost=0.00)
RAIL582: coverage per row mean=690.2, density=0.0124
[rail] Loaded: n=582 rows, m=55515 cols, k=1
[DEBUG] solve_mip called with: timelimit=60.0, gurobi_time_limit=20.0, gurobi_gap_limit=None, track_anytime=True
[rail] MIP obj=211.000, gap=0.006, t=19.514s
[rail] HYB int=213.000 +polish (feas=OK), relax_lin=518.619, cov_min_frac=1.000, cov_min_int=1.000, T=21.05s (relax=0.014s, Sum_stages=20.74s) | objs: relax=427.046, round=487.000, polish=213.000, mip=211.000, gap%=0.95 | times(s): relax=0.01, round_main=0.00, round_rr=0.01, improve=0.00, polish=0.98, mip=19.73, lp=0.00, redcost=0.00)
RAIL582: coverage per row mean=690.2, density=0.0124
[rail] Loaded: n=582 rows, m=55515 cols, k=1
[DEBUG] solve_mip called with: timelimit=60.0, gurobi_time_limit=20.0, gurobi_gap_limit=None, track_anytime=True
[rail] MIP obj=211.000, gap=0.006, t=19.583s
[rail] HYB int=213.000 +polish (feas=OK), relax_lin=518.619, cov_min_frac=1.000, cov_min_int=1.000, T=21.18s (relax=0.021s, Sum_stages=20.88s) | objs: relax=427.046, round=510.000, polish=213.000, mip=211.000, gap%=0.95 | times(s): relax=0.02, round_main=0.00, round_rr=0.01, improve=0.00, polish=1.06, mip=19.78, lp=0.00, redcost=0.00)
RAIL582: coverage per row mean=690.2, density=0.0124
[rail] Loaded: n=582 rows, m=55515 cols, k=1
[DEBUG] solve_mip called with: timelimit=60.0, gurobi_time_limit=20.0, gurobi_gap_limit=None, track_anytime=True
[rail] MIP obj=211.000, gap=0.006, t=19.295s
[rail] HYB int=229.000 +polish (feas=OK), relax_lin=518.619, cov_min_frac=1.000, cov_min_int=1.000, T=20.89s (relax=0.042s, Sum_stages=20.57s) | objs: relax=427.046, round=515.000, polish=229.000, mip=211.000, gap%=8.53 | times(s): relax=0.04, round_main=0.00, round_rr=0.03, improve=0.01, polish=0.99, mip=19.50, lp=0.00, redcost=0.01)
RAIL582: coverage per row mean=690.2, density=0.0124
[rail] Loaded: n=582 rows, m=55515 cols, k=1
[DEBUG] solve_mip called with: timelimit=60.0, gurobi_time_limit=20.0, gurobi_gap_limit=None, track_anytime=True
[rail] MIP obj=211.000, gap=0.006, t=19.258s
[rail] HYB int=213.000 +polish (feas=OK), relax_lin=518.619, cov_min_frac=1.000, cov_min_int=1.000, T=59.86s (relax=0.015s, Sum_stages=59.54s) | objs: relax=427.046, round=363.000, polish=213.000, mip=211.000, gap%=0.95 | times(s): relax=0.01, round_main=39.03, round_rr=0.01, improve=0.00, polish=0.98, mip=19.49, lp=0.00, redcost=0.00)
RAIL582: coverage per row mean=690.2, density=0.0124
[rail] Loaded: n=582 rows, m=55515 cols, k=1
[DEBUG] solve_mip called with: timelimit=60.0, gurobi_time_limit=20.0, gurobi_gap_limit=None, track_anytime=True
[rail] MIP obj=211.000, gap=0.006, t=19.584s
[rail] HYB int=213.000 +polish (feas=OK), relax_lin=518.619, cov_min_frac=1.000, cov_min_int=1.000, T=21.06s (relax=0.014s, Sum_stages=20.78s) | objs: relax=427.046, round=512.000, polish=213.000, mip=211.000, gap%=0.95 | times(s): relax=0.01, round_main=0.00, round_rr=0.01, improve=0.00, polish=0.99, mip=19.75, lp=0.00, redcost=0.00)
RAIL582: coverage per row mean=690.2, density=0.0124
[rail] Loaded: n=582 rows, m=55515 cols, k=1
[DEBUG] solve_mip called with: timelimit=60.0, gurobi_time_limit=20.0, gurobi_gap_limit=None, track_anytime=True
[rail] MIP obj=211.000, gap=0.006, t=19.198s
[rail] HYB int=213.000 +polish (feas=OK), relax_lin=518.619, cov_min_frac=1.000, cov_min_int=1.000, T=59.24s (relax=0.014s, Sum_stages=59.00s) | objs: relax=427.046, round=363.000, polish=213.000, mip=211.000, gap%=0.95 | times(s): relax=0.01, round_main=38.60, round_rr=0.01, improve=0.00, polish=0.99, mip=19.38, lp=0.00, redcost=0.00)
RAIL582: coverage per row mean=690.2, density=0.0124
[rail] Loaded: n=582 rows, m=55515 cols, k=1
[DEBUG] solve_mip called with: timelimit=60.0, gurobi_time_limit=20.0, gurobi_gap_limit=None, track_anytime=True
[rail] MIP obj=211.000, gap=0.006, t=19.907s
[rail] HYB int=213.000 +polish (feas=OK), relax_lin=518.619, cov_min_frac=1.000, cov_min_int=1.000, T=60.94s (relax=0.015s, Sum_stages=60.66s) | objs: relax=427.046, round=363.000, polish=213.000, mip=211.000, gap%=0.95 | times(s): relax=0.02, round_main=39.54, round_rr=0.01, improve=0.00, polish=1.01, mip=20.08, lp=0.00, redcost=0.00)
RAIL582: coverage per row mean=690.2, density=0.0124
[rail] Loaded: n=582 rows, m=55515 cols, k=1
[DEBUG] solve_mip called with: timelimit=60.0, gurobi_time_limit=20.0, gurobi_gap_limit=None, track_anytime=True
[rail] MIP obj=211.000, gap=0.006, t=19.164s
[rail] HYB int=213.000 +polish (feas=OK), relax_lin=518.619, cov_min_frac=1.000, cov_min_int=1.000, T=60.98s (relax=0.015s, Sum_stages=60.74s) | objs: relax=427.046, round=363.000, polish=213.000, mip=211.000, gap%=0.95 | times(s): relax=0.01, round_main=40.33, round_rr=0.01, improve=0.00, polish=1.01, mip=19.37, lp=0.00, redcost=0.00)
RAIL582: coverage per row mean=690.2, density=0.0124
[rail] Loaded: n=582 rows, m=55515 cols, k=1
[DEBUG] solve_mip called with: timelimit=60.0, gurobi_time_limit=20.0, gurobi_gap_limit=None, track_anytime=True
[rail] MIP obj=211.000, gap=0.006, t=19.091s
[rail] HYB int=213.000 +polish (feas=OK), relax_lin=518.619, cov_min_frac=1.000, cov_min_int=1.000, T=20.62s (relax=0.016s, Sum_stages=20.37s) | objs: relax=427.046, round=535.000, polish=213.000, mip=211.000, gap%=0.95 | times(s): relax=0.02, round_main=0.00, round_rr=0.01, improve=0.01, polish=1.02, mip=19.30, lp=0.00, redcost=0.00)
RAIL582: coverage per row mean=690.2, density=0.0124
[rail] Loaded: n=582 rows, m=55515 cols, k=1
[DEBUG] solve_mip called with: timelimit=60.0, gurobi_time_limit=20.0, gurobi_gap_limit=None, track_anytime=True
[rail] MIP obj=211.000, gap=0.006, t=19.672s
[rail] HYB int=213.000 +polish (feas=OK), relax_lin=518.619, cov_min_frac=1.000, cov_min_int=1.000, T=21.02s (relax=0.014s, Sum_stages=20.78s) | objs: relax=427.046, round=528.000, polish=213.000, mip=211.000, gap%=0.95 | times(s): relax=0.01, round_main=0.00, round_rr=0.01, improve=0.00, polish=0.90, mip=19.85, lp=0.00, redcost=0.00)
RAIL582: coverage per row mean=690.2, density=0.0124
[rail] Loaded: n=582 rows, m=55515 cols, k=1
[DEBUG] solve_mip called with: timelimit=60.0, gurobi_time_limit=20.0, gurobi_gap_limit=None, track_anytime=True
[rail] MIP obj=212.000, gap=0.011, t=18.277s
[rail] HYB int=213.000 +polish (feas=OK), relax_lin=518.619, cov_min_frac=1.000, cov_min_int=1.000, T=19.80s (relax=0.014s, Sum_stages=19.51s) | objs: relax=427.046, round=517.000, polish=213.000, mip=212.000, gap%=0.47 | times(s): relax=0.01, round_main=0.00, round_rr=0.01, improve=0.00, polish=1.02, mip=18.46, lp=0.00, redcost=0.00)
[rail] Writing 20 rows with 35 columns to experiments/rail\rail582_results_20250929_131539.csv
[rail] Successfully wrote experiments/rail\rail582_results_20250929_131539.csv
[rail] wrote experiments/rail\rail582_results_20250929_131539.csv rows=20
