[runner] Using RAIL582 set cover app with path: C:\Users\rich\OneDrive - Danmarks Tekniske Universitet\JR\Publikationer\MIP hybrid\rail582
[DEBUG] main_from_cli_namespace called with: gurobi_time_limit=None, gurobi_gap_limit=None, track_gurobi_anytime=False
[mode] RUN_MODE=auto | rail_path='C:\\Users\\rich\\OneDrive - Danmarks Tekniske Universitet\\JR\\Publikationer\\MIP hybrid\\rail582\\rail582' | threads=1 | mip_gap=0.01
RAIL582: coverage per row mean=690.2, density=0.0124
[rail] Loaded: n=582 rows, m=55515 cols, k=1
[DEBUG] solve_mip called with: timelimit=60.0, gurobi_time_limit=None, gurobi_gap_limit=None, track_anytime=False
[rail] MIP obj=211.000, gap=0.000, t=37.458s
[rail] HYB int=213.000 +polish (feas=OK), relax_lin=518.619, cov_min_frac=1.000, cov_min_int=1.000, T=38.90s (relax=0.014s, Sum_stages=38.61s) | objs: relax=427.046, round=521.000, polish=213.000, mip=211.000, gap%=0.95 | times(s): relax=0.01, round_main=0.00, round_rr=0.01, improve=0.00, polish=0.95, mip=37.63, lp=0.00, redcost=0.00)
RAIL582: coverage per row mean=690.2, density=0.0124
[rail] Loaded: n=582 rows, m=55515 cols, k=1
[DEBUG] solve_mip called with: timelimit=60.0, gurobi_time_limit=None, gurobi_gap_limit=None, track_anytime=False
[rail] MIP obj=211.000, gap=0.000, t=34.611s
[rail] HYB int=213.000 +polish (feas=OK), relax_lin=518.619, cov_min_frac=1.000, cov_min_int=1.000, T=36.08s (relax=0.016s, Sum_stages=35.85s) | objs: relax=427.046, round=497.000, polish=213.000, mip=211.000, gap%=0.95 | times(s): relax=0.02, round_main=0.00, round_rr=0.01, improve=0.01, polish=0.98, mip=34.83, lp=0.00, redcost=0.00)
RAIL582: coverage per row mean=690.2, density=0.0124
[rail] Loaded: n=582 rows, m=55515 cols, k=1
[DEBUG] solve_mip called with: timelimit=60.0, gurobi_time_limit=None, gurobi_gap_limit=None, track_anytime=False
[rail] MIP obj=211.000, gap=0.000, t=33.300s
[rail] HYB int=213.000 +polish (feas=OK), relax_lin=518.619, cov_min_frac=1.000, cov_min_int=1.000, T=35.01s (relax=0.012s, Sum_stages=34.66s) | objs: relax=427.046, round=520.000, polish=213.000, mip=211.000, gap%=0.95 | times(s): relax=0.01, round_main=0.00, round_rr=0.01, improve=0.00, polish=1.07, mip=33.56, lp=0.00, redcost=0.00)
RAIL582: coverage per row mean=690.2, density=0.0124
[rail] Loaded: n=582 rows, m=55515 cols, k=1
[DEBUG] solve_mip called with: timelimit=60.0, gurobi_time_limit=None, gurobi_gap_limit=None, track_anytime=False
[rail] MIP obj=211.000, gap=0.000, t=36.323s
[rail] HYB int=213.000 +polish (feas=OK), relax_lin=518.619, cov_min_frac=1.000, cov_min_int=1.000, T=37.84s (relax=0.013s, Sum_stages=37.60s) | objs: relax=427.046, round=513.000, polish=213.000, mip=211.000, gap%=0.95 | times(s): relax=0.01, round_main=0.00, round_rr=0.01, improve=0.00, polish=1.02, mip=36.55, lp=0.00, redcost=0.00)
RAIL582: coverage per row mean=690.2, density=0.0124
[rail] Loaded: n=582 rows, m=55515 cols, k=1
[DEBUG] solve_mip called with: timelimit=60.0, gurobi_time_limit=None, gurobi_gap_limit=None, track_anytime=False
[rail] MIP obj=211.000, gap=0.000, t=42.018s
[rail] HYB int=239.000 +polish (feas=OK), relax_lin=518.619, cov_min_frac=1.000, cov_min_int=1.000, T=43.50s (relax=0.030s, Sum_stages=43.21s) | objs: relax=427.046, round=493.000, polish=239.000, mip=211.000, gap%=13.27 | times(s): relax=0.03, round_main=0.00, round_rr=0.03, improve=0.01, polish=0.89, mip=42.26, lp=0.00, redcost=0.00)
[rail] wrote experiments/rail\rail582_results_20250925_121955.csv rows=5
