[runner] Using RAIL582 set cover app with path: C:\Users\rich\OneDrive - Danmarks Tekniske Universitet\JR\Publikationer\MIP hybrid\rail582
[DEBUG] main_from_cli_namespace called with: gurobi_time_limit=None, gurobi_gap_limit=None, track_gurobi_anytime=False
[mode] RUN_MODE=auto | rail_path='C:\\Users\\rich\\OneDrive - Danmarks Tekniske Universitet\\JR\\Publikationer\\MIP hybrid\\rail582\\rail582' | threads=1 | mip_gap=0.01
RAIL582: coverage per row mean=690.2, density=0.0124
[rail] Loaded: n=582 rows, m=55515 cols, k=1
[DEBUG] solve_mip called with: timelimit=60.0, gurobi_time_limit=None, gurobi_gap_limit=None, track_anytime=True
[rail] MIP obj=211.000, gap=0.000, t=42.966s
[rail] HYB int=326.000 (feas=OK), relax_lin=518.619, cov_min_frac=1.000, cov_min_int=1.000, T=44.44s (relax=0.037s, Sum_stages=44.11s) | objs: relax=427.046, round=509.000, polish=326.000, mip=211.000, gap%=54.50 | times(s): relax=0.04, round_main=0.00, round_rr=0.03, improve=0.01, polish=0.85, mip=43.18, lp=0.00, redcost=0.00)
RAIL582: coverage per row mean=690.2, density=0.0124
[rail] Loaded: n=582 rows, m=55515 cols, k=1
[DEBUG] solve_mip called with: timelimit=60.0, gurobi_time_limit=None, gurobi_gap_limit=None, track_anytime=True
[rail] MIP obj=211.000, gap=0.000, t=46.419s
[rail] HYB int=214.000 +polish (feas=OK), relax_lin=518.619, cov_min_frac=1.000, cov_min_int=1.000, T=47.90s (relax=0.015s, Sum_stages=47.63s) | objs: relax=427.046, round=525.000, polish=214.000, mip=211.000, gap%=1.42 | times(s): relax=0.01, round_main=0.00, round_rr=0.01, improve=0.01, polish=0.92, mip=46.68, lp=0.00, redcost=0.00)
RAIL582: coverage per row mean=690.2, density=0.0124
[rail] Loaded: n=582 rows, m=55515 cols, k=1
[DEBUG] solve_mip called with: timelimit=60.0, gurobi_time_limit=None, gurobi_gap_limit=None, track_anytime=True
[rail] MIP obj=211.000, gap=0.000, t=41.883s
[rail] HYB int=327.000 (feas=OK), relax_lin=518.619, cov_min_frac=1.000, cov_min_int=1.000, T=43.14s (relax=0.018s, Sum_stages=42.86s) | objs: relax=427.046, round=536.000, polish=327.000, mip=211.000, gap%=54.98 | times(s): relax=0.02, round_main=0.00, round_rr=0.02, improve=0.01, polish=0.75, mip=42.06, lp=0.00, redcost=0.00)
RAIL582: coverage per row mean=690.2, density=0.0124
[rail] Loaded: n=582 rows, m=55515 cols, k=1
[DEBUG] solve_mip called with: timelimit=60.0, gurobi_time_limit=None, gurobi_gap_limit=None, track_anytime=True
[rail] MIP obj=211.000, gap=0.000, t=54.689s
[rail] HYB int=213.000 +polish (feas=OK), relax_lin=518.619, cov_min_frac=1.000, cov_min_int=1.000, T=56.64s (relax=0.017s, Sum_stages=56.12s) | objs: relax=427.046, round=494.000, polish=213.000, mip=211.000, gap%=0.95 | times(s): relax=0.02, round_main=0.00, round_rr=0.01, improve=0.01, polish=1.11, mip=54.97, lp=0.00, redcost=0.00)
RAIL582: coverage per row mean=690.2, density=0.0124
[rail] Loaded: n=582 rows, m=55515 cols, k=1
[DEBUG] solve_mip called with: timelimit=60.0, gurobi_time_limit=None, gurobi_gap_limit=None, track_anytime=True
[rail] MIP obj=211.000, gap=0.000, t=40.840s
[rail] HYB int=227.000 +polish (feas=OK), relax_lin=518.619, cov_min_frac=1.000, cov_min_int=1.000, T=42.30s (relax=0.017s, Sum_stages=41.97s) | objs: relax=427.046, round=505.000, polish=227.000, mip=211.000, gap%=7.58 | times(s): relax=0.02, round_main=0.00, round_rr=0.01, improve=0.01, polish=0.90, mip=41.03, lp=0.00, redcost=0.00)
[runner] app call failed: dict contains fields not in fieldnames: 'anytime_method_3', 'anytime_obj_3', 'anytime_t_3'
