[runner] Using synthetic set cover generator
[DEBUG] scales parameter: 200x4000,300x6000
[DEBUG] trials parameter: 5
[synth] Using entropy framework: tau=0.1, iters=200, tol=0.001
[DEBUG] MIP solver: gurobi, timelimit: 30.0
Set parameter WLSAccessID
Set parameter WLSSecret
Set parameter LicenseID to value 2711408
Set parameter TimeLimit to value 30
Academic license 2711408 - for non-commercial use only - registered to ri___@dtu.dk
[200x4000, t=0] HYB=15.3 vs MIP=14.6 (gap=4.7%)
[DEBUG] MIP solver: gurobi, timelimit: 30.0
Set parameter WLSAccessID
Set parameter WLSSecret
Set parameter LicenseID to value 2711408
Set parameter TimeLimit to value 30
Academic license 2711408 - for non-commercial use only - registered to ri___@dtu.dk
[200x4000, t=1] HYB=15.4 vs MIP=14.5 (gap=6.2%)
[DEBUG] MIP solver: gurobi, timelimit: 30.0
Set parameter WLSAccessID
Set parameter WLSSecret
Set parameter LicenseID to value 2711408
Set parameter TimeLimit to value 30
Academic license 2711408 - for non-commercial use only - registered to ri___@dtu.dk
[200x4000, t=2] HYB=15.4 vs MIP=15.0 (gap=2.4%)
[DEBUG] MIP solver: gurobi, timelimit: 30.0
Set parameter WLSAccessID
Set parameter WLSSecret
Set parameter LicenseID to value 2711408
Set parameter TimeLimit to value 30
Academic license 2711408 - for non-commercial use only - registered to ri___@dtu.dk
[200x4000, t=3] HYB=16.3 vs MIP=15.1 (gap=7.9%)
[DEBUG] MIP solver: gurobi, timelimit: 30.0
Set parameter WLSAccessID
Set parameter WLSSecret
Set parameter LicenseID to value 2711408
Set parameter TimeLimit to value 30
Academic license 2711408 - for non-commercial use only - registered to ri___@dtu.dk
[200x4000, t=4] HYB=15.2 vs MIP=14.6 (gap=4.2%)
[DEBUG] MIP solver: gurobi, timelimit: 30.0
Set parameter WLSAccessID
Set parameter WLSSecret
Set parameter LicenseID to value 2711408
Set parameter TimeLimit to value 30
Academic license 2711408 - for non-commercial use only - registered to ri___@dtu.dk
[300x6000, t=0] HYB=19.1 vs MIP=20.6 (gap=-7.1%)
[DEBUG] MIP solver: gurobi, timelimit: 30.0
Set parameter WLSAccessID
Set parameter WLSSecret
Set parameter LicenseID to value 2711408
Set parameter TimeLimit to value 30
Academic license 2711408 - for non-commercial use only - registered to ri___@dtu.dk
[300x6000, t=1] HYB=19.5 vs MIP=20.1 (gap=-2.6%)
[DEBUG] MIP solver: gurobi, timelimit: 30.0
Set parameter WLSAccessID
Set parameter WLSSecret
Set parameter LicenseID to value 2711408
Set parameter TimeLimit to value 30
Academic license 2711408 - for non-commercial use only - registered to ri___@dtu.dk
[300x6000, t=2] HYB=18.5 vs MIP=19.9 (gap=-6.7%)
[DEBUG] MIP solver: gurobi, timelimit: 30.0
Set parameter WLSAccessID
Set parameter WLSSecret
Set parameter LicenseID to value 2711408
Set parameter TimeLimit to value 30
Academic license 2711408 - for non-commercial use only - registered to ri___@dtu.dk
[300x6000, t=3] HYB=18.3 vs MIP=19.0 (gap=-3.7%)
[DEBUG] MIP solver: gurobi, timelimit: 30.0
Set parameter WLSAccessID
Set parameter WLSSecret
Set parameter LicenseID to value 2711408
Set parameter TimeLimit to value 30
Academic license 2711408 - for non-commercial use only - registered to ri___@dtu.dk
[300x6000, t=4] HYB=18.6 vs MIP=18.8 (gap=-1.4%)
[synth] wrote experiments/rail\syn_results_20250925_172338.csv rows=10 wall=314.26s
