[runner] Using synthetic set cover generator
[DEBUG] scales parameter: 200x4000,300x6000
[DEBUG] trials parameter: 20
[synth] Using entropy framework: tau=0.1, iters=200, tol=0.001
[DEBUG] MIP solver: gurobi, timelimit: 30.0
Set parameter WLSAccessID
Set parameter WLSSecret
Set parameter LicenseID to value 2711408
Set parameter TimeLimit to value 20
Set parameter MIPGap to value 0.01
Set parameter Threads to value 1
Academic license 2711408 - for non-commercial use only - registered to ri___@dtu.dk
[200x4000, t=0] HYB=14.5 vs MIP=14.3 (gap=1.2%)
[DEBUG] MIP solver: gurobi, timelimit: 30.0
Set parameter WLSAccessID
Set parameter WLSSecret
Set parameter LicenseID to value 2711408
Set parameter TimeLimit to value 20
Set parameter MIPGap to value 0.01
Set parameter Threads to value 1
Academic license 2711408 - for non-commercial use only - registered to ri___@dtu.dk
[200x4000, t=1] HYB=16.6 vs MIP=16.8 (gap=-1.1%)
[DEBUG] MIP solver: gurobi, timelimit: 30.0
Set parameter WLSAccessID
Set parameter WLSSecret
Set parameter LicenseID to value 2711408
Set parameter TimeLimit to value 20
Set parameter MIPGap to value 0.01
Set parameter Threads to value 1
Academic license 2711408 - for non-commercial use only - registered to ri___@dtu.dk
[200x4000, t=2] HYB=15.5 vs MIP=15.4 (gap=1.0%)
[DEBUG] MIP solver: gurobi, timelimit: 30.0
Set parameter WLSAccessID
Set parameter WLSSecret
Set parameter LicenseID to value 2711408
Set parameter TimeLimit to value 20
Set parameter MIPGap to value 0.01
Set parameter Threads to value 1
Academic license 2711408 - for non-commercial use only - registered to ri___@dtu.dk
[200x4000, t=3] HYB=16.6 vs MIP=16.7 (gap=-0.8%)
[DEBUG] MIP solver: gurobi, timelimit: 30.0
Set parameter WLSAccessID
Set parameter WLSSecret
Set parameter LicenseID to value 2711408
Set parameter TimeLimit to value 20
Set parameter MIPGap to value 0.01
Set parameter Threads to value 1
Academic license 2711408 - for non-commercial use only - registered to ri___@dtu.dk
[200x4000, t=4] HYB=15.8 vs MIP=15.2 (gap=4.0%)
[DEBUG] MIP solver: gurobi, timelimit: 30.0
Set parameter WLSAccessID
Set parameter WLSSecret
Set parameter LicenseID to value 2711408
Set parameter TimeLimit to value 20
Set parameter MIPGap to value 0.01
Set parameter Threads to value 1
Academic license 2711408 - for non-commercial use only - registered to ri___@dtu.dk
[200x4000, t=5] HYB=16.1 vs MIP=16.1 (gap=0.0%)
[DEBUG] MIP solver: gurobi, timelimit: 30.0
Set parameter WLSAccessID
Set parameter WLSSecret
Set parameter LicenseID to value 2711408
Set parameter TimeLimit to value 20
Set parameter MIPGap to value 0.01
Set parameter Threads to value 1
Academic license 2711408 - for non-commercial use only - registered to ri___@dtu.dk
[200x4000, t=6] HYB=14.4 vs MIP=14.5 (gap=-0.7%)
[DEBUG] MIP solver: gurobi, timelimit: 30.0
Set parameter WLSAccessID
Set parameter WLSSecret
Set parameter LicenseID to value 2711408
Set parameter TimeLimit to value 20
Set parameter MIPGap to value 0.01
Set parameter Threads to value 1
Academic license 2711408 - for non-commercial use only - registered to ri___@dtu.dk
[200x4000, t=7] HYB=14.5 vs MIP=14.8 (gap=-1.9%)
[DEBUG] MIP solver: gurobi, timelimit: 30.0
Set parameter WLSAccessID
Set parameter WLSSecret
Set parameter LicenseID to value 2711408
Set parameter TimeLimit to value 20
Set parameter MIPGap to value 0.01
Set parameter Threads to value 1
Academic license 2711408 - for non-commercial use only - registered to ri___@dtu.dk
[200x4000, t=8] HYB=15.4 vs MIP=16.0 (gap=-3.4%)
[DEBUG] MIP solver: gurobi, timelimit: 30.0
Set parameter WLSAccessID
Set parameter WLSSecret
Set parameter LicenseID to value 2711408
Set parameter TimeLimit to value 20
Set parameter MIPGap to value 0.01
Set parameter Threads to value 1
Academic license 2711408 - for non-commercial use only - registered to ri___@dtu.dk
[200x4000, t=9] HYB=15.6 vs MIP=16.6 (gap=-6.2%)
[DEBUG] MIP solver: gurobi, timelimit: 30.0
Set parameter WLSAccessID
Set parameter WLSSecret
Set parameter LicenseID to value 2711408
Set parameter TimeLimit to value 20
Set parameter MIPGap to value 0.01
Set parameter Threads to value 1
Academic license 2711408 - for non-commercial use only - registered to ri___@dtu.dk
[200x4000, t=10] HYB=16.2 vs MIP=16.8 (gap=-3.3%)
[DEBUG] MIP solver: gurobi, timelimit: 30.0
Set parameter WLSAccessID
Set parameter WLSSecret
Set parameter LicenseID to value 2711408
Set parameter TimeLimit to value 20
Set parameter MIPGap to value 0.01
Set parameter Threads to value 1
Academic license 2711408 - for non-commercial use only - registered to ri___@dtu.dk
[200x4000, t=11] HYB=14.5 vs MIP=14.9 (gap=-2.5%)
[DEBUG] MIP solver: gurobi, timelimit: 30.0
Set parameter WLSAccessID
Set parameter WLSSecret
Set parameter LicenseID to value 2711408
Set parameter TimeLimit to value 20
Set parameter MIPGap to value 0.01
Set parameter Threads to value 1
Academic license 2711408 - for non-commercial use only - registered to ri___@dtu.dk
[200x4000, t=12] HYB=16.4 vs MIP=15.7 (gap=4.8%)
[DEBUG] MIP solver: gurobi, timelimit: 30.0
Set parameter WLSAccessID
Set parameter WLSSecret
Set parameter LicenseID to value 2711408
Set parameter TimeLimit to value 20
Set parameter MIPGap to value 0.01
Set parameter Threads to value 1
Academic license 2711408 - for non-commercial use only - registered to ri___@dtu.dk
[200x4000, t=13] HYB=14.8 vs MIP=14.9 (gap=-0.6%)
[DEBUG] MIP solver: gurobi, timelimit: 30.0
Set parameter WLSAccessID
Set parameter WLSSecret
Set parameter LicenseID to value 2711408
Set parameter TimeLimit to value 20
Set parameter MIPGap to value 0.01
Set parameter Threads to value 1
Academic license 2711408 - for non-commercial use only - registered to ri___@dtu.dk
[200x4000, t=14] HYB=15.3 vs MIP=16.0 (gap=-4.6%)
[DEBUG] MIP solver: gurobi, timelimit: 30.0
Set parameter WLSAccessID
Set parameter WLSSecret
Set parameter LicenseID to value 2711408
Set parameter TimeLimit to value 20
Set parameter MIPGap to value 0.01
Set parameter Threads to value 1
Academic license 2711408 - for non-commercial use only - registered to ri___@dtu.dk
[200x4000, t=15] HYB=15.9 vs MIP=16.8 (gap=-5.4%)
[DEBUG] MIP solver: gurobi, timelimit: 30.0
Set parameter WLSAccessID
Set parameter WLSSecret
Set parameter LicenseID to value 2711408
Set parameter TimeLimit to value 20
Set parameter MIPGap to value 0.01
Set parameter Threads to value 1
Academic license 2711408 - for non-commercial use only - registered to ri___@dtu.dk
[200x4000, t=16] HYB=15.8 vs MIP=16.2 (gap=-2.3%)
[DEBUG] MIP solver: gurobi, timelimit: 30.0
Set parameter WLSAccessID
Set parameter WLSSecret
Set parameter LicenseID to value 2711408
Set parameter TimeLimit to value 20
Set parameter MIPGap to value 0.01
Set parameter Threads to value 1
Academic license 2711408 - for non-commercial use only - registered to ri___@dtu.dk
[200x4000, t=17] HYB=14.6 vs MIP=14.3 (gap=2.3%)
[DEBUG] MIP solver: gurobi, timelimit: 30.0
Set parameter WLSAccessID
Set parameter WLSSecret
Set parameter LicenseID to value 2711408
Set parameter TimeLimit to value 20
Set parameter MIPGap to value 0.01
Set parameter Threads to value 1
Academic license 2711408 - for non-commercial use only - registered to ri___@dtu.dk
[200x4000, t=18] HYB=15.0 vs MIP=15.5 (gap=-2.9%)
[DEBUG] MIP solver: gurobi, timelimit: 30.0
Set parameter WLSAccessID
Set parameter WLSSecret
Set parameter LicenseID to value 2711408
Set parameter TimeLimit to value 20
Set parameter MIPGap to value 0.01
Set parameter Threads to value 1
Academic license 2711408 - for non-commercial use only - registered to ri___@dtu.dk
[200x4000, t=19] HYB=14.9 vs MIP=14.5 (gap=2.8%)
[DEBUG] MIP solver: gurobi, timelimit: 30.0
Set parameter WLSAccessID
Set parameter WLSSecret
Set parameter LicenseID to value 2711408
Set parameter TimeLimit to value 20
Set parameter MIPGap to value 0.01
Set parameter Threads to value 1
Academic license 2711408 - for non-commercial use only - registered to ri___@dtu.dk
[300x6000, t=0] HYB=19.6 vs MIP=21.9 (gap=-10.2%)
[DEBUG] MIP solver: gurobi, timelimit: 30.0
Set parameter WLSAccessID
Set parameter WLSSecret
Set parameter LicenseID to value 2711408
Set parameter TimeLimit to value 20
Set parameter MIPGap to value 0.01
Set parameter Threads to value 1
Academic license 2711408 - for non-commercial use only - registered to ri___@dtu.dk
[300x6000, t=1] HYB=17.7 vs MIP=18.9 (gap=-6.4%)
[DEBUG] MIP solver: gurobi, timelimit: 30.0
Set parameter WLSAccessID
Set parameter WLSSecret
Set parameter LicenseID to value 2711408
Set parameter TimeLimit to value 20
Set parameter MIPGap to value 0.01
Set parameter Threads to value 1
Academic license 2711408 - for non-commercial use only - registered to ri___@dtu.dk
[300x6000, t=2] HYB=19.4 vs MIP=20.2 (gap=-3.9%)
[DEBUG] MIP solver: gurobi, timelimit: 30.0
Set parameter WLSAccessID
Set parameter WLSSecret
Set parameter LicenseID to value 2711408
Set parameter TimeLimit to value 20
Set parameter MIPGap to value 0.01
Set parameter Threads to value 1
Academic license 2711408 - for non-commercial use only - registered to ri___@dtu.dk
[300x6000, t=3] HYB=18.4 vs MIP=19.0 (gap=-3.3%)
[DEBUG] MIP solver: gurobi, timelimit: 30.0
Set parameter WLSAccessID
Set parameter WLSSecret
Set parameter LicenseID to value 2711408
Set parameter TimeLimit to value 20
Set parameter MIPGap to value 0.01
Set parameter Threads to value 1
Academic license 2711408 - for non-commercial use only - registered to ri___@dtu.dk
[300x6000, t=4] HYB=19.4 vs MIP=20.9 (gap=-7.3%)
[DEBUG] MIP solver: gurobi, timelimit: 30.0
Set parameter WLSAccessID
Set parameter WLSSecret
Set parameter LicenseID to value 2711408
Set parameter TimeLimit to value 20
Set parameter MIPGap to value 0.01
Set parameter Threads to value 1
Academic license 2711408 - for non-commercial use only - registered to ri___@dtu.dk
[300x6000, t=5] HYB=18.2 vs MIP=20.9 (gap=-12.9%)
[DEBUG] MIP solver: gurobi, timelimit: 30.0
Set parameter WLSAccessID
Set parameter WLSSecret
Set parameter LicenseID to value 2711408
Set parameter TimeLimit to value 20
Set parameter MIPGap to value 0.01
Set parameter Threads to value 1
Academic license 2711408 - for non-commercial use only - registered to ri___@dtu.dk
[300x6000, t=6] HYB=17.6 vs MIP=19.6 (gap=-10.5%)
[DEBUG] MIP solver: gurobi, timelimit: 30.0
Set parameter WLSAccessID
Set parameter WLSSecret
Set parameter LicenseID to value 2711408
Set parameter TimeLimit to value 20
Set parameter MIPGap to value 0.01
Set parameter Threads to value 1
Academic license 2711408 - for non-commercial use only - registered to ri___@dtu.dk
[300x6000, t=7] HYB=18.1 vs MIP=20.9 (gap=-13.3%)
[DEBUG] MIP solver: gurobi, timelimit: 30.0
Set parameter WLSAccessID
Set parameter WLSSecret
Set parameter LicenseID to value 2711408
Set parameter TimeLimit to value 20
Set parameter MIPGap to value 0.01
Set parameter Threads to value 1
Academic license 2711408 - for non-commercial use only - registered to ri___@dtu.dk
[300x6000, t=8] HYB=18.6 vs MIP=19.5 (gap=-4.8%)
[DEBUG] MIP solver: gurobi, timelimit: 30.0
Set parameter WLSAccessID
Set parameter WLSSecret
Set parameter LicenseID to value 2711408
Set parameter TimeLimit to value 20
Set parameter MIPGap to value 0.01
Set parameter Threads to value 1
Academic license 2711408 - for non-commercial use only - registered to ri___@dtu.dk
[300x6000, t=9] HYB=19.7 vs MIP=20.6 (gap=-4.4%)
[DEBUG] MIP solver: gurobi, timelimit: 30.0
Set parameter WLSAccessID
Set parameter WLSSecret
Set parameter LicenseID to value 2711408
Set parameter TimeLimit to value 20
Set parameter MIPGap to value 0.01
Set parameter Threads to value 1
Academic license 2711408 - for non-commercial use only - registered to ri___@dtu.dk
[300x6000, t=10] HYB=17.6 vs MIP=19.9 (gap=-12.0%)
[DEBUG] MIP solver: gurobi, timelimit: 30.0
Set parameter WLSAccessID
Set parameter WLSSecret
Set parameter LicenseID to value 2711408
Set parameter TimeLimit to value 20
Set parameter MIPGap to value 0.01
Set parameter Threads to value 1
Academic license 2711408 - for non-commercial use only - registered to ri___@dtu.dk
[300x6000, t=11] HYB=18.7 vs MIP=20.3 (gap=-8.1%)
[DEBUG] MIP solver: gurobi, timelimit: 30.0
Set parameter WLSAccessID
Set parameter WLSSecret
Set parameter LicenseID to value 2711408
Set parameter TimeLimit to value 20
Set parameter MIPGap to value 0.01
Set parameter Threads to value 1
Academic license 2711408 - for non-commercial use only - registered to ri___@dtu.dk
[300x6000, t=12] HYB=18.4 vs MIP=19.7 (gap=-6.3%)
[DEBUG] MIP solver: gurobi, timelimit: 30.0
Set parameter WLSAccessID
Set parameter WLSSecret
Set parameter LicenseID to value 2711408
Set parameter TimeLimit to value 20
Set parameter MIPGap to value 0.01
Set parameter Threads to value 1
Academic license 2711408 - for non-commercial use only - registered to ri___@dtu.dk
[300x6000, t=13] HYB=18.1 vs MIP=20.3 (gap=-10.9%)
[DEBUG] MIP solver: gurobi, timelimit: 30.0
Set parameter WLSAccessID
Set parameter WLSSecret
Set parameter LicenseID to value 2711408
Set parameter TimeLimit to value 20
Set parameter MIPGap to value 0.01
Set parameter Threads to value 1
Academic license 2711408 - for non-commercial use only - registered to ri___@dtu.dk
[300x6000, t=14] HYB=19.0 vs MIP=20.8 (gap=-8.7%)
[DEBUG] MIP solver: gurobi, timelimit: 30.0
Set parameter WLSAccessID
Set parameter WLSSecret
Set parameter LicenseID to value 2711408
Set parameter TimeLimit to value 20
Set parameter MIPGap to value 0.01
Set parameter Threads to value 1
Academic license 2711408 - for non-commercial use only - registered to ri___@dtu.dk
[300x6000, t=15] HYB=17.8 vs MIP=17.6 (gap=1.5%)
[DEBUG] MIP solver: gurobi, timelimit: 30.0
Set parameter WLSAccessID
Set parameter WLSSecret
Set parameter LicenseID to value 2711408
Set parameter TimeLimit to value 20
Set parameter MIPGap to value 0.01
Set parameter Threads to value 1
Academic license 2711408 - for non-commercial use only - registered to ri___@dtu.dk
[300x6000, t=16] HYB=17.5 vs MIP=19.4 (gap=-9.7%)
[DEBUG] MIP solver: gurobi, timelimit: 30.0
Set parameter WLSAccessID
Set parameter WLSSecret
Set parameter LicenseID to value 2711408
Set parameter TimeLimit to value 20
Set parameter MIPGap to value 0.01
Set parameter Threads to value 1
Academic license 2711408 - for non-commercial use only - registered to ri___@dtu.dk
[300x6000, t=17] HYB=17.7 vs MIP=18.9 (gap=-6.6%)
[DEBUG] MIP solver: gurobi, timelimit: 30.0
Set parameter WLSAccessID
Set parameter WLSSecret
Set parameter LicenseID to value 2711408
Set parameter TimeLimit to value 20
Set parameter MIPGap to value 0.01
Set parameter Threads to value 1
Academic license 2711408 - for non-commercial use only - registered to ri___@dtu.dk
[300x6000, t=18] HYB=19.8 vs MIP=20.9 (gap=-5.6%)
[DEBUG] MIP solver: gurobi, timelimit: 30.0
Set parameter WLSAccessID
Set parameter WLSSecret
Set parameter LicenseID to value 2711408
Set parameter TimeLimit to value 20
Set parameter MIPGap to value 0.01
Set parameter Threads to value 1
Academic license 2711408 - for non-commercial use only - registered to ri___@dtu.dk
[300x6000, t=19] HYB=17.2 vs MIP=18.3 (gap=-5.9%)
[synth] wrote experiments/rail\syn_results_20250930_102849.csv rows=40 wall=877.38s
