[runner] Using synthetic set cover generator
[DEBUG] scales parameter: 200x4000,400x8000,800x16000,1600x32000
[DEBUG] trials parameter: 20
[synth] Using entropy framework: tau=0.1, iters=200, tol=0.001
[DEBUG annealing] Running 1 temperature stages: [0.1]
[DEBUG annealing] Stage 1/1: tau=0.1, iters=200
[DEBUG annealing] Stage 1 done: t=0.004s, lin_cost=26.92, cov_min=1.000
[DEBUG annealing] Total annealing time: 0.004s
[polish] Refining 1205/4000 variables (30.1%)
[polish] Improved: 15.89 → 15.55 (-0.34, 1.111s)
Set parameter WLSAccessID
Set parameter WLSSecret
Set parameter LicenseID to value 2711408
Set parameter TimeLimit to value 30
Academic license 2711408 - for non-commercial use only - registered to ri___@dtu.dk
[DEBUG SYNTH] mip_result type: <class 'dict'>, has anytime_log: True
[DEBUG SYNTH] anytime_log length: 44
[200x4000, t=0] HYB=15.5 vs MIP=14.4 (gap=7.6%)
[DEBUG annealing] Running 1 temperature stages: [0.1]
[DEBUG annealing] Stage 1/1: tau=0.1, iters=200
[DEBUG annealing] Stage 1 done: t=0.006s, lin_cost=26.95, cov_min=1.000
[DEBUG annealing] Total annealing time: 0.006s
[polish] Refining 1207/4000 variables (30.2%)
[polish] Improved: 16.34 → 15.75 (-0.59, 1.094s)
Set parameter WLSAccessID
Set parameter WLSSecret
Set parameter LicenseID to value 2711408
Set parameter TimeLimit to value 30
Academic license 2711408 - for non-commercial use only - registered to ri___@dtu.dk
[DEBUG SYNTH] mip_result type: <class 'dict'>, has anytime_log: True
[DEBUG SYNTH] anytime_log length: 46
[200x4000, t=1] HYB=15.8 vs MIP=15.5 (gap=1.3%)
[DEBUG annealing] Running 1 temperature stages: [0.1]
[DEBUG annealing] Stage 1/1: tau=0.1, iters=200
[DEBUG annealing] Stage 1 done: t=0.006s, lin_cost=27.01, cov_min=1.000
[DEBUG annealing] Total annealing time: 0.006s
[polish] Refining 1209/4000 variables (30.2%)
[polish] Improved: 16.39 → 16.11 (-0.29, 1.090s)
Set parameter WLSAccessID
Set parameter WLSSecret
Set parameter LicenseID to value 2711408
Set parameter TimeLimit to value 30
Academic license 2711408 - for non-commercial use only - registered to ri___@dtu.dk
