[runner] Using synthetic set cover generator
[DEBUG] scales parameter: 200x4000,300x6000
[DEBUG] trials parameter: 1
[synth] Using entropy framework: tau=0.1, iters=200, tol=0.001
Set parameter WLSAccessID
Set parameter WLSSecret
Set parameter LicenseID to value 2711408
Set parameter TimeLimit to value 30
Academic license 2711408 - for non-commercial use only - registered to ri___@dtu.dk
[DEBUG SYNTH] mip_result type: <class 'dict'>, has anytime_log: True
[DEBUG SYNTH] anytime_log length: 50
[200x4000, t=0] HYB=14.5 vs MIP=13.7 (gap=5.7%)
Set parameter WLSAccessID
Set parameter WLSSecret
Set parameter LicenseID to value 2711408
Set parameter TimeLimit to value 30
Academic license 2711408 - for non-commercial use only - registered to ri___@dtu.dk
[DEBUG SYNTH] mip_result type: <class 'dict'>, has anytime_log: True
[DEBUG SYNTH] anytime_log length: 32
[300x6000, t=0] HYB=19.6 vs MIP=20.7 (gap=-5.1%)
[synth] wrote experiments/rail\syn_results_20251005_142813.csv rows=2 wall=62.56s
