[runner] Using synthetic set cover generator
[DEBUG] scales parameter: 200x4000,300x6000
[DEBUG] trials parameter: 20
[synth] Using entropy framework: tau=0.1, iters=200, tol=0.001
[DEBUG] MIP solver: gurobi, timelimit: 30.0
Set parameter WLSAccessID
Set parameter WLSSecret
Set parameter LicenseID to value 2711408
Set parameter TimeLimit to value 20
Academic license 2711408 - for non-commercial use only - registered to ri___@dtu.dk
[200x4000, t=0] HYB=14.5 vs MIP=13.7 (gap=5.7%)
[DEBUG] MIP solver: gurobi, timelimit: 30.0
Set parameter WLSAccessID
Set parameter WLSSecret
Set parameter LicenseID to value 2711408
Set parameter TimeLimit to value 20
Academic license 2711408 - for non-commercial use only - registered to ri___@dtu.dk
[200x4000, t=1] HYB=16.6 vs MIP=15.8 (gap=5.0%)
[DEBUG] MIP solver: gurobi, timelimit: 30.0
Set parameter WLSAccessID
Set parameter WLSSecret
Set parameter LicenseID to value 2711408
Set parameter TimeLimit to value 20
Academic license 2711408 - for non-commercial use only - registered to ri___@dtu.dk
[200x4000, t=2] HYB=15.5 vs MIP=14.8 (gap=5.0%)
[DEBUG] MIP solver: gurobi, timelimit: 30.0
Set parameter WLSAccessID
Set parameter WLSSecret
Set parameter LicenseID to value 2711408
Set parameter TimeLimit to value 20
Academic license 2711408 - for non-commercial use only - registered to ri___@dtu.dk
[200x4000, t=3] HYB=16.6 vs MIP=16.1 (gap=3.1%)
[DEBUG] MIP solver: gurobi, timelimit: 30.0
Set parameter WLSAccessID
Set parameter WLSSecret
Set parameter LicenseID to value 2711408
Set parameter TimeLimit to value 20
Academic license 2711408 - for non-commercial use only - registered to ri___@dtu.dk
[200x4000, t=4] HYB=15.8 vs MIP=15.0 (gap=5.3%)
[DEBUG] MIP solver: gurobi, timelimit: 30.0
Set parameter WLSAccessID
Set parameter WLSSecret
Set parameter LicenseID to value 2711408
Set parameter TimeLimit to value 20
Academic license 2711408 - for non-commercial use only - registered to ri___@dtu.dk
[200x4000, t=5] HYB=16.1 vs MIP=15.5 (gap=3.9%)
[DEBUG] MIP solver: gurobi, timelimit: 30.0
Set parameter WLSAccessID
Set parameter WLSSecret
Set parameter LicenseID to value 2711408
Set parameter TimeLimit to value 20
Academic license 2711408 - for non-commercial use only - registered to ri___@dtu.dk
[200x4000, t=6] HYB=14.4 vs MIP=13.8 (gap=4.3%)
[DEBUG] MIP solver: gurobi, timelimit: 30.0
Set parameter WLSAccessID
Set parameter WLSSecret
Set parameter LicenseID to value 2711408
Set parameter TimeLimit to value 20
Academic license 2711408 - for non-commercial use only - registered to ri___@dtu.dk
[200x4000, t=7] HYB=14.5 vs MIP=13.9 (gap=4.2%)
[DEBUG] MIP solver: gurobi, timelimit: 30.0
Set parameter WLSAccessID
Set parameter WLSSecret
Set parameter LicenseID to value 2711408
Set parameter TimeLimit to value 20
Academic license 2711408 - for non-commercial use only - registered to ri___@dtu.dk
[200x4000, t=8] HYB=15.4 vs MIP=15.0 (gap=2.7%)
[DEBUG] MIP solver: gurobi, timelimit: 30.0
Set parameter WLSAccessID
Set parameter WLSSecret
Set parameter LicenseID to value 2711408
Set parameter TimeLimit to value 20
Academic license 2711408 - for non-commercial use only - registered to ri___@dtu.dk
[200x4000, t=9] HYB=15.6 vs MIP=15.3 (gap=2.1%)
[DEBUG] MIP solver: gurobi, timelimit: 30.0
Set parameter WLSAccessID
Set parameter WLSSecret
Set parameter LicenseID to value 2711408
Set parameter TimeLimit to value 20
Academic license 2711408 - for non-commercial use only - registered to ri___@dtu.dk
[200x4000, t=10] HYB=16.2 vs MIP=15.6 (gap=3.9%)
[DEBUG] MIP solver: gurobi, timelimit: 30.0
Set parameter WLSAccessID
Set parameter WLSSecret
Set parameter LicenseID to value 2711408
Set parameter TimeLimit to value 20
Academic license 2711408 - for non-commercial use only - registered to ri___@dtu.dk
[200x4000, t=11] HYB=14.5 vs MIP=14.5 (gap=0.3%)
[DEBUG] MIP solver: gurobi, timelimit: 30.0
Set parameter WLSAccessID
Set parameter WLSSecret
Set parameter LicenseID to value 2711408
Set parameter TimeLimit to value 20
Academic license 2711408 - for non-commercial use only - registered to ri___@dtu.dk
[200x4000, t=12] HYB=16.4 vs MIP=15.6 (gap=5.2%)
[DEBUG] MIP solver: gurobi, timelimit: 30.0
Set parameter WLSAccessID
Set parameter WLSSecret
Set parameter LicenseID to value 2711408
Set parameter TimeLimit to value 20
Academic license 2711408 - for non-commercial use only - registered to ri___@dtu.dk
[200x4000, t=13] HYB=14.8 vs MIP=14.3 (gap=3.9%)
[DEBUG] MIP solver: gurobi, timelimit: 30.0
Set parameter WLSAccessID
Set parameter WLSSecret
Set parameter LicenseID to value 2711408
Set parameter TimeLimit to value 20
Academic license 2711408 - for non-commercial use only - registered to ri___@dtu.dk
[200x4000, t=14] HYB=15.3 vs MIP=15.0 (gap=1.8%)
[DEBUG] MIP solver: gurobi, timelimit: 30.0
Set parameter WLSAccessID
Set parameter WLSSecret
Set parameter LicenseID to value 2711408
Set parameter TimeLimit to value 20
Academic license 2711408 - for non-commercial use only - registered to ri___@dtu.dk
[200x4000, t=15] HYB=15.9 vs MIP=15.3 (gap=3.8%)
[DEBUG] MIP solver: gurobi, timelimit: 30.0
Set parameter WLSAccessID
Set parameter WLSSecret
Set parameter LicenseID to value 2711408
Set parameter TimeLimit to value 20
Academic license 2711408 - for non-commercial use only - registered to ri___@dtu.dk
[200x4000, t=16] HYB=15.8 vs MIP=16.0 (gap=-1.1%)
[DEBUG] MIP solver: gurobi, timelimit: 30.0
Set parameter WLSAccessID
Set parameter WLSSecret
Set parameter LicenseID to value 2711408
Set parameter TimeLimit to value 20
Academic license 2711408 - for non-commercial use only - registered to ri___@dtu.dk
[200x4000, t=17] HYB=14.6 vs MIP=13.9 (gap=5.3%)
[DEBUG] MIP solver: gurobi, timelimit: 30.0
Set parameter WLSAccessID
Set parameter WLSSecret
Set parameter LicenseID to value 2711408
Set parameter TimeLimit to value 20
Academic license 2711408 - for non-commercial use only - registered to ri___@dtu.dk
[200x4000, t=18] HYB=15.0 vs MIP=14.9 (gap=0.5%)
[DEBUG] MIP solver: gurobi, timelimit: 30.0
Set parameter WLSAccessID
Set parameter WLSSecret
Set parameter LicenseID to value 2711408
Set parameter TimeLimit to value 20
Academic license 2711408 - for non-commercial use only - registered to ri___@dtu.dk
[200x4000, t=19] HYB=14.9 vs MIP=14.4 (gap=3.7%)
[DEBUG] MIP solver: gurobi, timelimit: 30.0
Set parameter WLSAccessID
Set parameter WLSSecret
Set parameter LicenseID to value 2711408
Set parameter TimeLimit to value 20
Academic license 2711408 - for non-commercial use only - registered to ri___@dtu.dk
[300x6000, t=0] HYB=19.6 vs MIP=20.7 (gap=-5.1%)
[DEBUG] MIP solver: gurobi, timelimit: 30.0
Set parameter WLSAccessID
Set parameter WLSSecret
Set parameter LicenseID to value 2711408
Set parameter TimeLimit to value 20
Academic license 2711408 - for non-commercial use only - registered to ri___@dtu.dk
