[runner] Using synthetic set cover generator
[DEBUG] scales parameter: 200x4000,300x6000
[DEBUG] trials parameter: 3
[synth] Using entropy framework: tau=0.1, iters=200, tol=0.001
[DEBUG] MIP solver: gurobi, timelimit: 30.0
Set parameter WLSAccessID
Set parameter WLSSecret
Set parameter LicenseID to value 2711408
Set parameter TimeLimit to value 30
Academic license 2711408 - for non-commercial use only - registered to ri___@dtu.dk
[200x4000, t=0] HYB=14.5 vs MIP=13.7 (gap=5.7%)
[DEBUG] MIP solver: gurobi, timelimit: 30.0
Set parameter WLSAccessID
Set parameter WLSSecret
Set parameter LicenseID to value 2711408
Set parameter TimeLimit to value 30
Academic license 2711408 - for non-commercial use only - registered to ri___@dtu.dk
[200x4000, t=1] HYB=16.6 vs MIP=15.8 (gap=5.0%)
[DEBUG] MIP solver: gurobi, timelimit: 30.0
Set parameter WLSAccessID
Set parameter WLSSecret
Set parameter LicenseID to value 2711408
Set parameter TimeLimit to value 30
Academic license 2711408 - for non-commercial use only - registered to ri___@dtu.dk
[200x4000, t=2] HYB=15.5 vs MIP=14.7 (gap=5.6%)
[DEBUG] MIP solver: gurobi, timelimit: 30.0
Set parameter WLSAccessID
Set parameter WLSSecret
Set parameter LicenseID to value 2711408
Set parameter TimeLimit to value 30
Academic license 2711408 - for non-commercial use only - registered to ri___@dtu.dk
[300x6000, t=0] HYB=19.6 vs MIP=20.7 (gap=-5.1%)
[DEBUG] MIP solver: gurobi, timelimit: 30.0
Set parameter WLSAccessID
Set parameter WLSSecret
Set parameter LicenseID to value 2711408
Set parameter TimeLimit to value 30
Academic license 2711408 - for non-commercial use only - registered to ri___@dtu.dk
[300x6000, t=1] HYB=17.7 vs MIP=18.2 (gap=-2.6%)
[DEBUG] MIP solver: gurobi, timelimit: 30.0
Set parameter WLSAccessID
Set parameter WLSSecret
Set parameter LicenseID to value 2711408
Set parameter TimeLimit to value 30
Academic license 2711408 - for non-commercial use only - registered to ri___@dtu.dk
[300x6000, t=2] HYB=19.4 vs MIP=19.1 (gap=1.6%)
[synth] wrote experiments/rail\syn_results_20251005_125036.csv rows=6 wall=186.63s
