[runner] Using RAIL582 set cover app with path: C:\Users\rich\OneDrive - Danmarks Tekniske Universitet\JR\Publikationer\MIP hybrid\rail582
[DEBUG] main_from_cli_namespace called with: gurobi_time_limit=None, gurobi_gap_limit=None, track_gurobi_anytime=False
[mode] RUN_MODE=auto | rail_path='C:\\Users\\rich\\OneDrive - Danmarks Tekniske Universitet\\JR\\Publikationer\\MIP hybrid\\rail582\\rail582' | threads=1 | mip_gap=0.01
RAIL582: coverage per row mean=690.2, density=0.0124
[rail] Loaded: n=582 rows, m=55515 cols, k=1
[DEBUG] solve_mip called with: timelimit=60.0, gurobi_time_limit=None, gurobi_gap_limit=None, track_anytime=False
[rail] MIP obj=211.000, gap=0.000, t=31.018s
[rail] HYB int=213.000 +polish (feas=OK), relax_lin=518.619, cov_min_frac=1.000, cov_min_int=1.000, T=32.49s (relax=0.013s, Sum_stages=32.18s) | objs: relax=427.046, round=551.000, polish=213.000, mip=211.000, gap%=0.95 | times(s): relax=0.01, round_main=0.00, round_rr=0.01, improve=0.00, polish=0.97, mip=31.18, lp=0.00, redcost=0.00)
RAIL582: coverage per row mean=690.2, density=0.0124
[rail] Loaded: n=582 rows, m=55515 cols, k=1
[DEBUG] solve_mip called with: timelimit=60.0, gurobi_time_limit=None, gurobi_gap_limit=None, track_anytime=False
[rail] MIP obj=211.000, gap=0.000, t=38.606s
[rail] HYB int=213.000 +polish (feas=OK), relax_lin=518.619, cov_min_frac=1.000, cov_min_int=1.000, T=40.13s (relax=0.013s, Sum_stages=39.85s) | objs: relax=427.046, round=511.000, polish=213.000, mip=211.000, gap%=0.95 | times(s): relax=0.01, round_main=0.00, round_rr=0.02, improve=0.00, polish=1.05, mip=38.77, lp=0.00, redcost=0.00)
RAIL582: coverage per row mean=690.2, density=0.0124
[rail] Loaded: n=582 rows, m=55515 cols, k=1
[DEBUG] solve_mip called with: timelimit=60.0, gurobi_time_limit=None, gurobi_gap_limit=None, track_anytime=False
[rail] MIP obj=211.000, gap=0.000, t=38.715s
[rail] HYB int=213.000 +polish (feas=OK), relax_lin=518.619, cov_min_frac=1.000, cov_min_int=1.000, T=40.40s (relax=0.012s, Sum_stages=40.16s) | objs: relax=427.046, round=535.000, polish=213.000, mip=211.000, gap%=0.95 | times(s): relax=0.01, round_main=0.00, round_rr=0.01, improve=0.00, polish=1.16, mip=38.98, lp=0.00, redcost=0.00)
RAIL582: coverage per row mean=690.2, density=0.0124
[rail] Loaded: n=582 rows, m=55515 cols, k=1
[DEBUG] solve_mip called with: timelimit=60.0, gurobi_time_limit=None, gurobi_gap_limit=None, track_anytime=False
[rail] MIP obj=211.000, gap=0.000, t=31.628s
[rail] HYB int=235.000 +polish (feas=OK), relax_lin=518.619, cov_min_frac=1.000, cov_min_int=1.000, T=33.04s (relax=0.017s, Sum_stages=32.76s) | objs: relax=427.046, round=513.000, polish=235.000, mip=211.000, gap%=11.37 | times(s): relax=0.02, round_main=0.00, round_rr=0.01, improve=0.00, polish=0.95, mip=31.78, lp=0.00, redcost=0.00)
RAIL582: coverage per row mean=690.2, density=0.0124
[rail] Loaded: n=582 rows, m=55515 cols, k=1
[DEBUG] solve_mip called with: timelimit=60.0, gurobi_time_limit=None, gurobi_gap_limit=None, track_anytime=False
[rail] MIP obj=211.000, gap=0.000, t=30.385s
[rail] HYB int=214.000 +polish (feas=OK), relax_lin=518.619, cov_min_frac=1.000, cov_min_int=1.000, T=31.93s (relax=0.015s, Sum_stages=31.67s) | objs: relax=427.046, round=490.000, polish=214.000, mip=211.000, gap%=1.42 | times(s): relax=0.01, round_main=0.00, round_rr=0.01, improve=0.00, polish=1.05, mip=30.59, lp=0.00, redcost=0.00)
RAIL582: coverage per row mean=690.2, density=0.0124
[rail] Loaded: n=582 rows, m=55515 cols, k=1
[DEBUG] solve_mip called with: timelimit=60.0, gurobi_time_limit=None, gurobi_gap_limit=None, track_anytime=False
[rail] MIP obj=211.000, gap=0.000, t=33.740s
[rail] HYB int=213.000 +polish (feas=OK), relax_lin=518.619, cov_min_frac=1.000, cov_min_int=1.000, T=35.16s (relax=0.014s, Sum_stages=34.92s) | objs: relax=427.046, round=498.000, polish=213.000, mip=211.000, gap%=0.95 | times(s): relax=0.01, round_main=0.00, round_rr=0.01, improve=0.00, polish=1.00, mip=33.89, lp=0.00, redcost=0.00)
RAIL582: coverage per row mean=690.2, density=0.0124
[rail] Loaded: n=582 rows, m=55515 cols, k=1
[DEBUG] solve_mip called with: timelimit=60.0, gurobi_time_limit=None, gurobi_gap_limit=None, track_anytime=False
[rail] MIP obj=211.000, gap=0.000, t=31.560s
[rail] HYB int=213.000 +polish (feas=OK), relax_lin=518.619, cov_min_frac=1.000, cov_min_int=1.000, T=33.04s (relax=0.012s, Sum_stages=32.80s) | objs: relax=427.046, round=482.000, polish=213.000, mip=211.000, gap%=0.95 | times(s): relax=0.01, round_main=0.00, round_rr=0.01, improve=0.00, polish=1.05, mip=31.72, lp=0.00, redcost=0.00)
RAIL582: coverage per row mean=690.2, density=0.0124
[rail] Loaded: n=582 rows, m=55515 cols, k=1
[DEBUG] solve_mip called with: timelimit=60.0, gurobi_time_limit=None, gurobi_gap_limit=None, track_anytime=False
[rail] MIP obj=211.000, gap=0.000, t=54.852s
[rail] HYB int=213.000 +polish (feas=OK), relax_lin=518.619, cov_min_frac=1.000, cov_min_int=1.000, T=177.24s (relax=0.051s, Sum_stages=176.99s) | objs: relax=427.046, round=363.000, polish=213.000, mip=211.000, gap%=0.95 | times(s): relax=0.05, round_main=120.87, round_rr=0.04, improve=0.00, polish=0.97, mip=55.06, lp=0.00, redcost=0.00)
RAIL582: coverage per row mean=690.2, density=0.0124
[rail] Loaded: n=582 rows, m=55515 cols, k=1
[DEBUG] solve_mip called with: timelimit=60.0, gurobi_time_limit=None, gurobi_gap_limit=None, track_anytime=False
[rail] MIP obj=211.000, gap=0.000, t=27.748s
[rail] HYB int=213.000 +polish (feas=OK), relax_lin=518.619, cov_min_frac=1.000, cov_min_int=1.000, T=29.16s (relax=0.013s, Sum_stages=28.95s) | objs: relax=427.046, round=511.000, polish=213.000, mip=211.000, gap%=0.95 | times(s): relax=0.01, round_main=0.00, round_rr=0.01, improve=0.00, polish=1.03, mip=27.89, lp=0.00, redcost=0.00)
RAIL582: coverage per row mean=690.2, density=0.0124
[rail] Loaded: n=582 rows, m=55515 cols, k=1
[DEBUG] solve_mip called with: timelimit=60.0, gurobi_time_limit=None, gurobi_gap_limit=None, track_anytime=False
[rail] MIP obj=211.000, gap=0.000, t=30.270s
[rail] HYB int=213.000 +polish (feas=OK), relax_lin=518.619, cov_min_frac=1.000, cov_min_int=1.000, T=31.71s (relax=0.013s, Sum_stages=31.44s) | objs: relax=427.046, round=517.000, polish=213.000, mip=211.000, gap%=0.95 | times(s): relax=0.01, round_main=0.00, round_rr=0.01, improve=0.01, polish=0.97, mip=30.43, lp=0.00, redcost=0.00)
[rail] wrote experiments/rail\rail582_results_20250925_000553.csv rows=10
